CRITICAL - 2024-03-27 03:20:50 --> ErrorException: Trying to access array offset on value of type null
in APPPATH\Views\pages\backend\anggota\edit.php on line 7.
 1 APPPATH\Views\pages\backend\anggota\edit.php(7): CodeIgniter\Debug\Exceptions->errorHandler(8, 'Trying to access array offset on value of type null', 'C:\\xampp\\htdocs\\si-perpus\\app\\Views\\pages\\backend\\anggota\\edit.php', 7, [...])
 2 SYSTEMPATH\View\View.php(228): include('C:\\xampp\\htdocs\\si-perpus\\app\\Views\\pages\\backend\\anggota\\edit.php')
 3 SYSTEMPATH\View\View.php(231): CodeIgniter\View\View->CodeIgniter\View\{closure}()
 4 SYSTEMPATH\Common.php(1178): CodeIgniter\View\View->render('pages/backend/anggota/edit', [], true)
 5 APPPATH\Controllers\admin\anggota.php(94): view('pages/backend/anggota/edit', [...])
 6 SYSTEMPATH\CodeIgniter.php(941): App\Controllers\admin\anggota->edit('img', 'undraw_profile.svg')
 7 SYSTEMPATH\CodeIgniter.php(502): CodeIgniter\CodeIgniter->runController(Object(App\Controllers\admin\anggota))
 8 SYSTEMPATH\CodeIgniter.php(361): CodeIgniter\CodeIgniter->handleRequest(null, Object(Config\Cache), false)
 9 FCPATH\index.php(79): CodeIgniter\CodeIgniter->run()
CRITICAL - 2024-03-27 03:37:07 --> ErrorException: Trying to access array offset on value of type null
in APPPATH\Views\pages\backend\rak\edit.php on line 7.
 1 APPPATH\Views\pages\backend\rak\edit.php(7): CodeIgniter\Debug\Exceptions->errorHandler(8, 'Trying to access array offset on value of type null', 'C:\\xampp\\htdocs\\si-perpus\\app\\Views\\pages\\backend\\rak\\edit.php', 7, [...])
 2 SYSTEMPATH\View\View.php(228): include('C:\\xampp\\htdocs\\si-perpus\\app\\Views\\pages\\backend\\rak\\edit.php')
 3 SYSTEMPATH\View\View.php(231): CodeIgniter\View\View->CodeIgniter\View\{closure}()
 4 SYSTEMPATH\Common.php(1178): CodeIgniter\View\View->render('pages/backend/rak/edit', [], true)
 5 APPPATH\Controllers\admin\rak.php(47): view('pages/backend/rak/edit', [...])
 6 SYSTEMPATH\CodeIgniter.php(941): App\Controllers\admin\rak->edit('img', 'undraw_profile.svg')
 7 SYSTEMPATH\CodeIgniter.php(502): CodeIgniter\CodeIgniter->runController(Object(App\Controllers\admin\rak))
 8 SYSTEMPATH\CodeIgniter.php(361): CodeIgniter\CodeIgniter->handleRequest(null, Object(Config\Cache), false)
 9 FCPATH\index.php(79): CodeIgniter\CodeIgniter->run()
CRITICAL - 2024-03-27 03:37:13 --> ErrorException: Trying to access array offset on value of type null
in APPPATH\Views\pages\backend\rak\edit.php on line 7.
 1 APPPATH\Views\pages\backend\rak\edit.php(7): CodeIgniter\Debug\Exceptions->errorHandler(8, 'Trying to access array offset on value of type null', 'C:\\xampp\\htdocs\\si-perpus\\app\\Views\\pages\\backend\\rak\\edit.php', 7, [...])
 2 SYSTEMPATH\View\View.php(228): include('C:\\xampp\\htdocs\\si-perpus\\app\\Views\\pages\\backend\\rak\\edit.php')
 3 SYSTEMPATH\View\View.php(231): CodeIgniter\View\View->CodeIgniter\View\{closure}()
 4 SYSTEMPATH\Common.php(1178): CodeIgniter\View\View->render('pages/backend/rak/edit', [], true)
 5 APPPATH\Controllers\admin\rak.php(47): view('pages/backend/rak/edit', [...])
 6 SYSTEMPATH\CodeIgniter.php(941): App\Controllers\admin\rak->edit('img', 'undraw_profile.svg')
 7 SYSTEMPATH\CodeIgniter.php(502): CodeIgniter\CodeIgniter->runController(Object(App\Controllers\admin\rak))
 8 SYSTEMPATH\CodeIgniter.php(361): CodeIgniter\CodeIgniter->handleRequest(null, Object(Config\Cache), false)
 9 FCPATH\index.php(79): CodeIgniter\CodeIgniter->run()
CRITICAL - 2024-03-27 03:37:17 --> ErrorException: Trying to access array offset on value of type null
in APPPATH\Views\pages\backend\rak\edit.php on line 7.
 1 APPPATH\Views\pages\backend\rak\edit.php(7): CodeIgniter\Debug\Exceptions->errorHandler(8, 'Trying to access array offset on value of type null', 'C:\\xampp\\htdocs\\si-perpus\\app\\Views\\pages\\backend\\rak\\edit.php', 7, [...])
 2 SYSTEMPATH\View\View.php(228): include('C:\\xampp\\htdocs\\si-perpus\\app\\Views\\pages\\backend\\rak\\edit.php')
 3 SYSTEMPATH\View\View.php(231): CodeIgniter\View\View->CodeIgniter\View\{closure}()
 4 SYSTEMPATH\Common.php(1178): CodeIgniter\View\View->render('pages/backend/rak/edit', [], true)
 5 APPPATH\Controllers\admin\rak.php(47): view('pages/backend/rak/edit', [...])
 6 SYSTEMPATH\CodeIgniter.php(941): App\Controllers\admin\rak->edit('img', 'undraw_profile.svg')
 7 SYSTEMPATH\CodeIgniter.php(502): CodeIgniter\CodeIgniter->runController(Object(App\Controllers\admin\rak))
 8 SYSTEMPATH\CodeIgniter.php(361): CodeIgniter\CodeIgniter->handleRequest(null, Object(Config\Cache), false)
 9 FCPATH\index.php(79): CodeIgniter\CodeIgniter->run()
CRITICAL - 2024-03-27 03:37:29 --> ErrorException: Trying to access array offset on value of type null
in APPPATH\Views\pages\backend\kategori\edit.php on line 7.
 1 APPPATH\Views\pages\backend\kategori\edit.php(7): CodeIgniter\Debug\Exceptions->errorHandler(8, 'Trying to access array offset on value of type null', 'C:\\xampp\\htdocs\\si-perpus\\app\\Views\\pages\\backend\\kategori\\edit.php', 7, [...])
 2 SYSTEMPATH\View\View.php(228): include('C:\\xampp\\htdocs\\si-perpus\\app\\Views\\pages\\backend\\kategori\\edit.php')
 3 SYSTEMPATH\View\View.php(231): CodeIgniter\View\View->CodeIgniter\View\{closure}()
 4 SYSTEMPATH\Common.php(1178): CodeIgniter\View\View->render('pages/backend/kategori/edit', [], true)
 5 APPPATH\Controllers\admin\kategori.php(47): view('pages/backend/kategori/edit', [...])
 6 SYSTEMPATH\CodeIgniter.php(941): App\Controllers\admin\kategori->edit('img', 'undraw_profile.svg')
 7 SYSTEMPATH\CodeIgniter.php(502): CodeIgniter\CodeIgniter->runController(Object(App\Controllers\admin\kategori))
 8 SYSTEMPATH\CodeIgniter.php(361): CodeIgniter\CodeIgniter->handleRequest(null, Object(Config\Cache), false)
 9 FCPATH\index.php(79): CodeIgniter\CodeIgniter->run()
CRITICAL - 2024-03-27 03:37:33 --> ErrorException: Trying to access array offset on value of type null
in APPPATH\Views\pages\backend\kategori\edit.php on line 7.
 1 APPPATH\Views\pages\backend\kategori\edit.php(7): CodeIgniter\Debug\Exceptions->errorHandler(8, 'Trying to access array offset on value of type null', 'C:\\xampp\\htdocs\\si-perpus\\app\\Views\\pages\\backend\\kategori\\edit.php', 7, [...])
 2 SYSTEMPATH\View\View.php(228): include('C:\\xampp\\htdocs\\si-perpus\\app\\Views\\pages\\backend\\kategori\\edit.php')
 3 SYSTEMPATH\View\View.php(231): CodeIgniter\View\View->CodeIgniter\View\{closure}()
 4 SYSTEMPATH\Common.php(1178): CodeIgniter\View\View->render('pages/backend/kategori/edit', [], true)
 5 APPPATH\Controllers\admin\kategori.php(47): view('pages/backend/kategori/edit', [...])
 6 SYSTEMPATH\CodeIgniter.php(941): App\Controllers\admin\kategori->edit('img', 'undraw_profile.svg')
 7 SYSTEMPATH\CodeIgniter.php(502): CodeIgniter\CodeIgniter->runController(Object(App\Controllers\admin\kategori))
 8 SYSTEMPATH\CodeIgniter.php(361): CodeIgniter\CodeIgniter->handleRequest(null, Object(Config\Cache), false)
 9 FCPATH\index.php(79): CodeIgniter\CodeIgniter->run()
CRITICAL - 2024-03-27 03:37:58 --> ErrorException: Trying to access array offset on value of type null
in APPPATH\Views\pages\backend\denda\edit.php on line 7.
 1 APPPATH\Views\pages\backend\denda\edit.php(7): CodeIgniter\Debug\Exceptions->errorHandler(8, 'Trying to access array offset on value of type null', 'C:\\xampp\\htdocs\\si-perpus\\app\\Views\\pages\\backend\\denda\\edit.php', 7, [...])
 2 SYSTEMPATH\View\View.php(228): include('C:\\xampp\\htdocs\\si-perpus\\app\\Views\\pages\\backend\\denda\\edit.php')
 3 SYSTEMPATH\View\View.php(231): CodeIgniter\View\View->CodeIgniter\View\{closure}()
 4 SYSTEMPATH\Common.php(1178): CodeIgniter\View\View->render('pages/backend/denda/edit', [], true)
 5 APPPATH\Controllers\admin\denda.php(47): view('pages/backend/denda/edit', [...])
 6 SYSTEMPATH\CodeIgniter.php(941): App\Controllers\admin\denda->edit('img', 'undraw_profile.svg')
 7 SYSTEMPATH\CodeIgniter.php(502): CodeIgniter\CodeIgniter->runController(Object(App\Controllers\admin\denda))
 8 SYSTEMPATH\CodeIgniter.php(361): CodeIgniter\CodeIgniter->handleRequest(null, Object(Config\Cache), false)
 9 FCPATH\index.php(79): CodeIgniter\CodeIgniter->run()
ERROR - 2024-03-27 04:00:00 --> mysqli_sql_exception: Unknown column 'date' in 'order clause' in C:\xampp\htdocs\si-perpus\system\Database\MySQLi\Connection.php:306
Stack trace:
#0 C:\xampp\htdocs\si-perpus\system\Database\MySQLi\Connection.php(306): mysqli->query('SELECT *\nFROM `...', 0)
#1 C:\xampp\htdocs\si-perpus\system\Database\BaseConnection.php(693): CodeIgniter\Database\MySQLi\Connection->execute('SELECT *\nFROM `...')
#2 C:\xampp\htdocs\si-perpus\system\Database\BaseConnection.php(607): CodeIgniter\Database\BaseConnection->simpleQuery('SELECT *\nFROM `...')
#3 C:\xampp\htdocs\si-perpus\system\Database\BaseBuilder.php(1613): CodeIgniter\Database\BaseConnection->query('SELECT *\nFROM `...', Array, false)
#4 C:\xampp\htdocs\si-perpus\system\Model.php(202): CodeIgniter\Database\BaseBuilder->get()
#5 C:\xampp\htdocs\si-perpus\system\BaseModel.php(577): CodeIgniter\Model->doFind(false, NULL)
#6 C:\xampp\htdocs\si-perpus\app\Controllers\Home.php(19): CodeIgniter\BaseModel->find()
#7 C:\xampp\htdocs\si-perpus\system\CodeIgniter.php(941): App\Controllers\Home->index()
#8 C:\xampp\htdocs\si-perpus\system\CodeIgniter.php(502): CodeIgniter\CodeIgniter->runController(Object(App\Controllers\Home))
#9 C:\xampp\htdocs\si-perpus\system\CodeIgniter.php(361): CodeIgniter\CodeIgniter->handleRequest(NULL, Object(Config\Cache), false)
#10 C:\xampp\htdocs\si-perpus\public\index.php(79): CodeIgniter\CodeIgniter->run()
#11 {main}
CRITICAL - 2024-03-27 04:00:00 --> CodeIgniter\Database\Exceptions\DatabaseException: Unknown column 'date' in 'order clause'
in SYSTEMPATH\Database\BaseConnection.php on line 647.
 1 SYSTEMPATH\Database\BaseBuilder.php(1613): CodeIgniter\Database\BaseConnection->query('SELECT *
FROM `tbl_buku`
ORDER BY `date` DESC
 LIMIT 4', [], false)
 2 SYSTEMPATH\Model.php(202): CodeIgniter\Database\BaseBuilder->get()
 3 SYSTEMPATH\BaseModel.php(577): CodeIgniter\Model->doFind(false, null)
 4 APPPATH\Controllers\Home.php(19): CodeIgniter\BaseModel->find()
 5 SYSTEMPATH\CodeIgniter.php(941): App\Controllers\Home->index()
 6 SYSTEMPATH\CodeIgniter.php(502): CodeIgniter\CodeIgniter->runController(Object(App\Controllers\Home))
 7 SYSTEMPATH\CodeIgniter.php(361): CodeIgniter\CodeIgniter->handleRequest(null, Object(Config\Cache), false)
 8 FCPATH\index.php(79): CodeIgniter\CodeIgniter->run()
CRITICAL - 2024-03-27 04:00:00 --> [Caused by] CodeIgniter\Database\Exceptions\DatabaseException: Unknown column 'date' in 'order clause'
in SYSTEMPATH\Database\MySQLi\Connection.php on line 311.
 1 SYSTEMPATH\Database\BaseConnection.php(693): CodeIgniter\Database\MySQLi\Connection->execute('SELECT *
FROM `tbl_buku`
ORDER BY `date` DESC
 LIMIT 4')
 2 SYSTEMPATH\Database\BaseConnection.php(607): CodeIgniter\Database\BaseConnection->simpleQuery('SELECT *
FROM `tbl_buku`
ORDER BY `date` DESC
 LIMIT 4')
 3 SYSTEMPATH\Database\BaseBuilder.php(1613): CodeIgniter\Database\BaseConnection->query('SELECT *
FROM `tbl_buku`
ORDER BY `date` DESC
 LIMIT 4', [], false)
 4 SYSTEMPATH\Model.php(202): CodeIgniter\Database\BaseBuilder->get()
 5 SYSTEMPATH\BaseModel.php(577): CodeIgniter\Model->doFind(false, null)
 6 APPPATH\Controllers\Home.php(19): CodeIgniter\BaseModel->find()
 7 SYSTEMPATH\CodeIgniter.php(941): App\Controllers\Home->index()
 8 SYSTEMPATH\CodeIgniter.php(502): CodeIgniter\CodeIgniter->runController(Object(App\Controllers\Home))
 9 SYSTEMPATH\CodeIgniter.php(361): CodeIgniter\CodeIgniter->handleRequest(null, Object(Config\Cache), false)
10 FCPATH\index.php(79): CodeIgniter\CodeIgniter->run()
CRITICAL - 2024-03-27 04:00:00 --> [Caused by] mysqli_sql_exception: Unknown column 'date' in 'order clause'
in SYSTEMPATH\Database\MySQLi\Connection.php on line 306.
 1 SYSTEMPATH\Database\MySQLi\Connection.php(306): mysqli->query('SELECT *
FROM `tbl_buku`
ORDER BY `date` DESC
 LIMIT 4', 0)
 2 SYSTEMPATH\Database\BaseConnection.php(693): CodeIgniter\Database\MySQLi\Connection->execute('SELECT *
FROM `tbl_buku`
ORDER BY `date` DESC
 LIMIT 4')
 3 SYSTEMPATH\Database\BaseConnection.php(607): CodeIgniter\Database\BaseConnection->simpleQuery('SELECT *
FROM `tbl_buku`
ORDER BY `date` DESC
 LIMIT 4')
 4 SYSTEMPATH\Database\BaseBuilder.php(1613): CodeIgniter\Database\BaseConnection->query('SELECT *
FROM `tbl_buku`
ORDER BY `date` DESC
 LIMIT 4', [], false)
 5 SYSTEMPATH\Model.php(202): CodeIgniter\Database\BaseBuilder->get()
 6 SYSTEMPATH\BaseModel.php(577): CodeIgniter\Model->doFind(false, null)
 7 APPPATH\Controllers\Home.php(19): CodeIgniter\BaseModel->find()
 8 SYSTEMPATH\CodeIgniter.php(941): App\Controllers\Home->index()
 9 SYSTEMPATH\CodeIgniter.php(502): CodeIgniter\CodeIgniter->runController(Object(App\Controllers\Home))
10 SYSTEMPATH\CodeIgniter.php(361): CodeIgniter\CodeIgniter->handleRequest(null, Object(Config\Cache), false)
11 FCPATH\index.php(79): CodeIgniter\CodeIgniter->run()
CRITICAL - 2024-03-27 04:02:57 --> ErrorException: Undefined index: deskripsi_buku
in APPPATH\Views\pages\frontend\home.php on line 58.
 1 APPPATH\Views\pages\frontend\home.php(58): CodeIgniter\Debug\Exceptions->errorHandler(8, 'Undefined index: deskripsi_buku', 'C:\\xampp\\htdocs\\si-perpus\\app\\Views\\pages\\frontend\\home.php', 58, [...])
 2 SYSTEMPATH\View\View.php(228): include('C:\\xampp\\htdocs\\si-perpus\\app\\Views\\pages\\frontend\\home.php')
 3 SYSTEMPATH\View\View.php(231): CodeIgniter\View\View->CodeIgniter\View\{closure}()
 4 SYSTEMPATH\Common.php(1178): CodeIgniter\View\View->render('pages/frontend/home', [], true)
 5 APPPATH\Controllers\Home.php(24): view('pages/frontend/home', [...])
 6 SYSTEMPATH\CodeIgniter.php(941): App\Controllers\Home->index()
 7 SYSTEMPATH\CodeIgniter.php(502): CodeIgniter\CodeIgniter->runController(Object(App\Controllers\Home))
 8 SYSTEMPATH\CodeIgniter.php(361): CodeIgniter\CodeIgniter->handleRequest(null, Object(Config\Cache), false)
 9 FCPATH\index.php(79): CodeIgniter\CodeIgniter->run()
CRITICAL - 2024-03-27 04:25:49 --> ErrorException: Trying to access array offset on value of type null
in APPPATH\Views\pages\backend\anggota\edit.php on line 7.
 1 APPPATH\Views\pages\backend\anggota\edit.php(7): CodeIgniter\Debug\Exceptions->errorHandler(8, 'Trying to access array offset on value of type null', 'C:\\xampp\\htdocs\\si-perpus\\app\\Views\\pages\\backend\\anggota\\edit.php', 7, [...])
 2 SYSTEMPATH\View\View.php(228): include('C:\\xampp\\htdocs\\si-perpus\\app\\Views\\pages\\backend\\anggota\\edit.php')
 3 SYSTEMPATH\View\View.php(231): CodeIgniter\View\View->CodeIgniter\View\{closure}()
 4 SYSTEMPATH\Common.php(1178): CodeIgniter\View\View->render('pages/backend/anggota/edit', [], true)
 5 APPPATH\Controllers\admin\anggota.php(94): view('pages/backend/anggota/edit', [...])
 6 SYSTEMPATH\CodeIgniter.php(941): App\Controllers\admin\anggota->edit('img', 'undraw_profile.svg')
 7 SYSTEMPATH\CodeIgniter.php(502): CodeIgniter\CodeIgniter->runController(Object(App\Controllers\admin\anggota))
 8 SYSTEMPATH\CodeIgniter.php(361): CodeIgniter\CodeIgniter->handleRequest(null, Object(Config\Cache), false)
 9 FCPATH\index.php(79): CodeIgniter\CodeIgniter->run()
CRITICAL - 2024-03-27 04:26:00 --> ErrorException: Trying to access array offset on value of type null
in APPPATH\Views\pages\backend\anggota\edit.php on line 7.
 1 APPPATH\Views\pages\backend\anggota\edit.php(7): CodeIgniter\Debug\Exceptions->errorHandler(8, 'Trying to access array offset on value of type null', 'C:\\xampp\\htdocs\\si-perpus\\app\\Views\\pages\\backend\\anggota\\edit.php', 7, [...])
 2 SYSTEMPATH\View\View.php(228): include('C:\\xampp\\htdocs\\si-perpus\\app\\Views\\pages\\backend\\anggota\\edit.php')
 3 SYSTEMPATH\View\View.php(231): CodeIgniter\View\View->CodeIgniter\View\{closure}()
 4 SYSTEMPATH\Common.php(1178): CodeIgniter\View\View->render('pages/backend/anggota/edit', [], true)
 5 APPPATH\Controllers\admin\anggota.php(94): view('pages/backend/anggota/edit', [...])
 6 SYSTEMPATH\CodeIgniter.php(941): App\Controllers\admin\anggota->edit('img', 'undraw_profile.svg')
 7 SYSTEMPATH\CodeIgniter.php(502): CodeIgniter\CodeIgniter->runController(Object(App\Controllers\admin\anggota))
 8 SYSTEMPATH\CodeIgniter.php(361): CodeIgniter\CodeIgniter->handleRequest(null, Object(Config\Cache), false)
 9 FCPATH\index.php(79): CodeIgniter\CodeIgniter->run()
CRITICAL - 2024-03-27 04:26:45 --> ErrorException: Trying to access array offset on value of type null
in APPPATH\Views\pages\backend\buku\edit.php on line 7.
 1 APPPATH\Views\pages\backend\buku\edit.php(7): CodeIgniter\Debug\Exceptions->errorHandler(8, 'Trying to access array offset on value of type null', 'C:\\xampp\\htdocs\\si-perpus\\app\\Views\\pages\\backend\\buku\\edit.php', 7, [...])
 2 SYSTEMPATH\View\View.php(228): include('C:\\xampp\\htdocs\\si-perpus\\app\\Views\\pages\\backend\\buku\\edit.php')
 3 SYSTEMPATH\View\View.php(231): CodeIgniter\View\View->CodeIgniter\View\{closure}()
 4 SYSTEMPATH\Common.php(1178): CodeIgniter\View\View->render('pages/backend/buku/edit', [], true)
 5 APPPATH\Controllers\admin\Buku.php(101): view('pages/backend/buku/edit', [...])
 6 SYSTEMPATH\CodeIgniter.php(941): App\Controllers\admin\Buku->edit('img', 'undraw_profile.svg')
 7 SYSTEMPATH\CodeIgniter.php(502): CodeIgniter\CodeIgniter->runController(Object(App\Controllers\admin\Buku))
 8 SYSTEMPATH\CodeIgniter.php(361): CodeIgniter\CodeIgniter->handleRequest(null, Object(Config\Cache), false)
 9 FCPATH\index.php(79): CodeIgniter\CodeIgniter->run()
CRITICAL - 2024-03-27 04:27:12 --> ErrorException: Trying to access array offset on value of type null
in APPPATH\Views\pages\backend\kategori\edit.php on line 7.
 1 APPPATH\Views\pages\backend\kategori\edit.php(7): CodeIgniter\Debug\Exceptions->errorHandler(8, 'Trying to access array offset on value of type null', 'C:\\xampp\\htdocs\\si-perpus\\app\\Views\\pages\\backend\\kategori\\edit.php', 7, [...])
 2 SYSTEMPATH\View\View.php(228): include('C:\\xampp\\htdocs\\si-perpus\\app\\Views\\pages\\backend\\kategori\\edit.php')
 3 SYSTEMPATH\View\View.php(231): CodeIgniter\View\View->CodeIgniter\View\{closure}()
 4 SYSTEMPATH\Common.php(1178): CodeIgniter\View\View->render('pages/backend/kategori/edit', [], true)
 5 APPPATH\Controllers\admin\kategori.php(47): view('pages/backend/kategori/edit', [...])
 6 SYSTEMPATH\CodeIgniter.php(941): App\Controllers\admin\kategori->edit('img', 'undraw_profile.svg')
 7 SYSTEMPATH\CodeIgniter.php(502): CodeIgniter\CodeIgniter->runController(Object(App\Controllers\admin\kategori))
 8 SYSTEMPATH\CodeIgniter.php(361): CodeIgniter\CodeIgniter->handleRequest(null, Object(Config\Cache), false)
 9 FCPATH\index.php(79): CodeIgniter\CodeIgniter->run()
CRITICAL - 2024-03-27 04:27:27 --> ErrorException: Trying to access array offset on value of type null
in APPPATH\Views\pages\backend\rak\edit.php on line 7.
 1 APPPATH\Views\pages\backend\rak\edit.php(7): CodeIgniter\Debug\Exceptions->errorHandler(8, 'Trying to access array offset on value of type null', 'C:\\xampp\\htdocs\\si-perpus\\app\\Views\\pages\\backend\\rak\\edit.php', 7, [...])
 2 SYSTEMPATH\View\View.php(228): include('C:\\xampp\\htdocs\\si-perpus\\app\\Views\\pages\\backend\\rak\\edit.php')
 3 SYSTEMPATH\View\View.php(231): CodeIgniter\View\View->CodeIgniter\View\{closure}()
 4 SYSTEMPATH\Common.php(1178): CodeIgniter\View\View->render('pages/backend/rak/edit', [], true)
 5 APPPATH\Controllers\admin\rak.php(47): view('pages/backend/rak/edit', [...])
 6 SYSTEMPATH\CodeIgniter.php(941): App\Controllers\admin\rak->edit('img', 'undraw_profile.svg')
 7 SYSTEMPATH\CodeIgniter.php(502): CodeIgniter\CodeIgniter->runController(Object(App\Controllers\admin\rak))
 8 SYSTEMPATH\CodeIgniter.php(361): CodeIgniter\CodeIgniter->handleRequest(null, Object(Config\Cache), false)
 9 FCPATH\index.php(79): CodeIgniter\CodeIgniter->run()
CRITICAL - 2024-03-27 04:27:42 --> ErrorException: Trying to access array offset on value of type null
in APPPATH\Views\pages\backend\denda\edit.php on line 7.
 1 APPPATH\Views\pages\backend\denda\edit.php(7): CodeIgniter\Debug\Exceptions->errorHandler(8, 'Trying to access array offset on value of type null', 'C:\\xampp\\htdocs\\si-perpus\\app\\Views\\pages\\backend\\denda\\edit.php', 7, [...])
 2 SYSTEMPATH\View\View.php(228): include('C:\\xampp\\htdocs\\si-perpus\\app\\Views\\pages\\backend\\denda\\edit.php')
 3 SYSTEMPATH\View\View.php(231): CodeIgniter\View\View->CodeIgniter\View\{closure}()
 4 SYSTEMPATH\Common.php(1178): CodeIgniter\View\View->render('pages/backend/denda/edit', [], true)
 5 APPPATH\Controllers\admin\denda.php(47): view('pages/backend/denda/edit', [...])
 6 SYSTEMPATH\CodeIgniter.php(941): App\Controllers\admin\denda->edit('img', 'undraw_profile.svg')
 7 SYSTEMPATH\CodeIgniter.php(502): CodeIgniter\CodeIgniter->runController(Object(App\Controllers\admin\denda))
 8 SYSTEMPATH\CodeIgniter.php(361): CodeIgniter\CodeIgniter->handleRequest(null, Object(Config\Cache), false)
 9 FCPATH\index.php(79): CodeIgniter\CodeIgniter->run()
CRITICAL - 2024-03-27 04:28:10 --> ErrorException: Trying to access array offset on value of type null
in APPPATH\Views\pages\backend\petugas\edit.php on line 7.
 1 APPPATH\Views\pages\backend\petugas\edit.php(7): CodeIgniter\Debug\Exceptions->errorHandler(8, 'Trying to access array offset on value of type null', 'C:\\xampp\\htdocs\\si-perpus\\app\\Views\\pages\\backend\\petugas\\edit.php', 7, [...])
 2 SYSTEMPATH\View\View.php(228): include('C:\\xampp\\htdocs\\si-perpus\\app\\Views\\pages\\backend\\petugas\\edit.php')
 3 SYSTEMPATH\View\View.php(231): CodeIgniter\View\View->CodeIgniter\View\{closure}()
 4 SYSTEMPATH\Common.php(1178): CodeIgniter\View\View->render('pages/backend/petugas/edit', [], true)
 5 APPPATH\Controllers\admin\petugas.php(93): view('pages/backend/petugas/edit', [...])
 6 SYSTEMPATH\CodeIgniter.php(941): App\Controllers\admin\petugas->edit('img', 'undraw_profile.svg')
 7 SYSTEMPATH\CodeIgniter.php(502): CodeIgniter\CodeIgniter->runController(Object(App\Controllers\admin\petugas))
 8 SYSTEMPATH\CodeIgniter.php(361): CodeIgniter\CodeIgniter->handleRequest(null, Object(Config\Cache), false)
 9 FCPATH\index.php(79): CodeIgniter\CodeIgniter->run()
CRITICAL - 2024-03-27 05:02:52 --> ErrorException: Undefined variable: buku
in APPPATH\Views\pages\backend\buku.php on line 33.
 1 APPPATH\Views\pages\backend\buku.php(33): CodeIgniter\Debug\Exceptions->errorHandler(8, 'Undefined variable: buku', 'C:\\xampp\\htdocs\\si-perpus\\app\\Views\\pages\\backend\\buku.php', 33, [...])
 2 SYSTEMPATH\View\View.php(228): include('C:\\xampp\\htdocs\\si-perpus\\app\\Views\\pages\\backend\\buku.php')
 3 SYSTEMPATH\View\View.php(231): CodeIgniter\View\View->CodeIgniter\View\{closure}()
 4 SYSTEMPATH\Common.php(1178): CodeIgniter\View\View->render('pages/backend/buku', [], true)
 5 APPPATH\Controllers\admin\Buku.php(23): view('pages/backend/buku', [...])
 6 SYSTEMPATH\CodeIgniter.php(941): App\Controllers\admin\Buku->index()
 7 SYSTEMPATH\CodeIgniter.php(502): CodeIgniter\CodeIgniter->runController(Object(App\Controllers\admin\Buku))
 8 SYSTEMPATH\CodeIgniter.php(361): CodeIgniter\CodeIgniter->handleRequest(null, Object(Config\Cache), false)
 9 FCPATH\index.php(79): CodeIgniter\CodeIgniter->run()
CRITICAL - 2024-03-27 05:07:44 --> ErrorException: Undefined variable: buku
in APPPATH\Views\pages\backend\buku.php on line 33.
 1 APPPATH\Views\pages\backend\buku.php(33): CodeIgniter\Debug\Exceptions->errorHandler(8, 'Undefined variable: buku', 'C:\\xampp\\htdocs\\si-perpus\\app\\Views\\pages\\backend\\buku.php', 33, [...])
 2 SYSTEMPATH\View\View.php(228): include('C:\\xampp\\htdocs\\si-perpus\\app\\Views\\pages\\backend\\buku.php')
 3 SYSTEMPATH\View\View.php(231): CodeIgniter\View\View->CodeIgniter\View\{closure}()
 4 SYSTEMPATH\Common.php(1178): CodeIgniter\View\View->render('pages/backend/buku', [...], true)
 5 APPPATH\Controllers\admin\Buku.php(25): view('pages/backend/buku', [...], [...])
 6 SYSTEMPATH\CodeIgniter.php(941): App\Controllers\admin\Buku->index()
 7 SYSTEMPATH\CodeIgniter.php(502): CodeIgniter\CodeIgniter->runController(Object(App\Controllers\admin\Buku))
 8 SYSTEMPATH\CodeIgniter.php(361): CodeIgniter\CodeIgniter->handleRequest(null, Object(Config\Cache), false)
 9 FCPATH\index.php(79): CodeIgniter\CodeIgniter->run()
CRITICAL - 2024-03-27 05:11:03 --> Error: Cannot use object of type stdClass as array
in APPPATH\Views\pages\backend\buku.php on line 36.
 1 SYSTEMPATH\View\View.php(228): include()
 2 SYSTEMPATH\View\View.php(231): CodeIgniter\View\View->CodeIgniter\View\{closure}()
 3 SYSTEMPATH\Common.php(1178): CodeIgniter\View\View->render('pages/backend/buku', [], true)
 4 APPPATH\Controllers\admin\Buku.php(25): view('pages/backend/buku', [...])
 5 SYSTEMPATH\CodeIgniter.php(941): App\Controllers\admin\Buku->index()
 6 SYSTEMPATH\CodeIgniter.php(502): CodeIgniter\CodeIgniter->runController(Object(App\Controllers\admin\Buku))
 7 SYSTEMPATH\CodeIgniter.php(361): CodeIgniter\CodeIgniter->handleRequest(null, Object(Config\Cache), false)
 8 FCPATH\index.php(79): CodeIgniter\CodeIgniter->run()
CRITICAL - 2024-03-27 05:12:29 --> Error: Cannot use object of type stdClass as array
in APPPATH\Views\pages\backend\buku.php on line 37.
 1 SYSTEMPATH\View\View.php(228): include()
 2 SYSTEMPATH\View\View.php(231): CodeIgniter\View\View->CodeIgniter\View\{closure}()
 3 SYSTEMPATH\Common.php(1178): CodeIgniter\View\View->render('pages/backend/buku', [], true)
 4 APPPATH\Controllers\admin\Buku.php(25): view('pages/backend/buku', [...])
 5 SYSTEMPATH\CodeIgniter.php(941): App\Controllers\admin\Buku->index()
 6 SYSTEMPATH\CodeIgniter.php(502): CodeIgniter\CodeIgniter->runController(Object(App\Controllers\admin\Buku))
 7 SYSTEMPATH\CodeIgniter.php(361): CodeIgniter\CodeIgniter->handleRequest(null, Object(Config\Cache), false)
 8 FCPATH\index.php(79): CodeIgniter\CodeIgniter->run()
CRITICAL - 2024-03-27 05:12:56 --> Error: Cannot use object of type stdClass as array
in APPPATH\Views\pages\backend\buku.php on line 36.
 1 SYSTEMPATH\View\View.php(228): include()
 2 SYSTEMPATH\View\View.php(231): CodeIgniter\View\View->CodeIgniter\View\{closure}()
 3 SYSTEMPATH\Common.php(1178): CodeIgniter\View\View->render('pages/backend/buku', [], true)
 4 APPPATH\Controllers\admin\Buku.php(25): view('pages/backend/buku', [...])
 5 SYSTEMPATH\CodeIgniter.php(941): App\Controllers\admin\Buku->index()
 6 SYSTEMPATH\CodeIgniter.php(502): CodeIgniter\CodeIgniter->runController(Object(App\Controllers\admin\Buku))
 7 SYSTEMPATH\CodeIgniter.php(361): CodeIgniter\CodeIgniter->handleRequest(null, Object(Config\Cache), false)
 8 FCPATH\index.php(79): CodeIgniter\CodeIgniter->run()
CRITICAL - 2024-03-27 05:12:56 --> Error: Cannot use object of type stdClass as array
in APPPATH\Views\pages\backend\buku.php on line 36.
 1 SYSTEMPATH\View\View.php(228): include()
 2 SYSTEMPATH\View\View.php(231): CodeIgniter\View\View->CodeIgniter\View\{closure}()
 3 SYSTEMPATH\Common.php(1178): CodeIgniter\View\View->render('pages/backend/buku', [], true)
 4 APPPATH\Controllers\admin\Buku.php(25): view('pages/backend/buku', [...])
 5 SYSTEMPATH\CodeIgniter.php(941): App\Controllers\admin\Buku->index()
 6 SYSTEMPATH\CodeIgniter.php(502): CodeIgniter\CodeIgniter->runController(Object(App\Controllers\admin\Buku))
 7 SYSTEMPATH\CodeIgniter.php(361): CodeIgniter\CodeIgniter->handleRequest(null, Object(Config\Cache), false)
 8 FCPATH\index.php(79): CodeIgniter\CodeIgniter->run()
CRITICAL - 2024-03-27 05:13:12 --> Error: Cannot use object of type stdClass as array
in APPPATH\Views\pages\backend\buku.php on line 36.
 1 SYSTEMPATH\View\View.php(228): include()
 2 SYSTEMPATH\View\View.php(231): CodeIgniter\View\View->CodeIgniter\View\{closure}()
 3 SYSTEMPATH\Common.php(1178): CodeIgniter\View\View->render('pages/backend/buku', [], true)
 4 APPPATH\Controllers\admin\Buku.php(25): view('pages/backend/buku', [...])
 5 SYSTEMPATH\CodeIgniter.php(941): App\Controllers\admin\Buku->index()
 6 SYSTEMPATH\CodeIgniter.php(502): CodeIgniter\CodeIgniter->runController(Object(App\Controllers\admin\Buku))
 7 SYSTEMPATH\CodeIgniter.php(361): CodeIgniter\CodeIgniter->handleRequest(null, Object(Config\Cache), false)
 8 FCPATH\index.php(79): CodeIgniter\CodeIgniter->run()
CRITICAL - 2024-03-27 05:13:30 --> ErrorException: Undefined index: nama_kategori
in APPPATH\Views\pages\backend\buku.php on line 43.
 1 APPPATH\Views\pages\backend\buku.php(43): CodeIgniter\Debug\Exceptions->errorHandler(8, 'Undefined index: nama_kategori', 'C:\\xampp\\htdocs\\si-perpus\\app\\Views\\pages\\backend\\buku.php', 43, [...])
 2 SYSTEMPATH\View\View.php(228): include('C:\\xampp\\htdocs\\si-perpus\\app\\Views\\pages\\backend\\buku.php')
 3 SYSTEMPATH\View\View.php(231): CodeIgniter\View\View->CodeIgniter\View\{closure}()
 4 SYSTEMPATH\Common.php(1178): CodeIgniter\View\View->render('pages/backend/buku', [], true)
 5 APPPATH\Controllers\admin\Buku.php(29): view('pages/backend/buku', [...])
 6 SYSTEMPATH\CodeIgniter.php(941): App\Controllers\admin\Buku->index()
 7 SYSTEMPATH\CodeIgniter.php(502): CodeIgniter\CodeIgniter->runController(Object(App\Controllers\admin\Buku))
 8 SYSTEMPATH\CodeIgniter.php(361): CodeIgniter\CodeIgniter->handleRequest(null, Object(Config\Cache), false)
 9 FCPATH\index.php(79): CodeIgniter\CodeIgniter->run()
CRITICAL - 2024-03-27 05:34:59 --> ParseError: syntax error, unexpected ' ' (T_STRING), expecting ';' or ','
in APPPATH\Views\pages\login.php on line 61.
 1 SYSTEMPATH\View\View.php(231): CodeIgniter\View\View->CodeIgniter\View\{closure}()
 2 SYSTEMPATH\Common.php(1178): CodeIgniter\View\View->render('pages/login', [], true)
 3 APPPATH\Controllers\login.php(53): view('pages/login', [...])
 4 SYSTEMPATH\CodeIgniter.php(941): App\Controllers\Login->index()
 5 SYSTEMPATH\CodeIgniter.php(502): CodeIgniter\CodeIgniter->runController(Object(App\Controllers\Login))
 6 SYSTEMPATH\CodeIgniter.php(361): CodeIgniter\CodeIgniter->handleRequest(null, Object(Config\Cache), false)
 7 FCPATH\index.php(79): CodeIgniter\CodeIgniter->run()
INFO - 2024-03-27 05:35:08 --> Session: Class initialized using 'CodeIgniter\Session\Handlers\FileHandler' driver.
CRITICAL - 2024-03-27 05:37:36 --> ParseError: syntax error, unexpected ' ' (T_STRING), expecting ';' or ','
in APPPATH\Views\pages\login.php on line 90.
 1 SYSTEMPATH\View\View.php(231): CodeIgniter\View\View->CodeIgniter\View\{closure}()
 2 SYSTEMPATH\Common.php(1178): CodeIgniter\View\View->render('pages/login', [], true)
 3 APPPATH\Controllers\login.php(53): view('pages/login', [...])
 4 SYSTEMPATH\CodeIgniter.php(941): App\Controllers\Login->index()
 5 SYSTEMPATH\CodeIgniter.php(502): CodeIgniter\CodeIgniter->runController(Object(App\Controllers\Login))
 6 SYSTEMPATH\CodeIgniter.php(361): CodeIgniter\CodeIgniter->handleRequest(null, Object(Config\Cache), false)
 7 FCPATH\index.php(79): CodeIgniter\CodeIgniter->run()
INFO - 2024-03-27 05:37:46 --> Session: Class initialized using 'CodeIgniter\Session\Handlers\FileHandler' driver.
INFO - 2024-03-27 05:38:05 --> Session: Class initialized using 'CodeIgniter\Session\Handlers\FileHandler' driver.
INFO - 2024-03-27 05:38:20 --> Session: Class initialized using 'CodeIgniter\Session\Handlers\FileHandler' driver.
INFO - 2024-03-27 05:44:40 --> Session: Class initialized using 'CodeIgniter\Session\Handlers\FileHandler' driver.
INFO - 2024-03-27 05:44:49 --> Session: Class initialized using 'CodeIgniter\Session\Handlers\FileHandler' driver.
ERROR - 2024-03-27 12:24:11 --> mysqli_sql_exception: Unknown column 'tbl_barang.id_kategori' in 'on clause' in C:\xampp\htdocs\si-perpus\system\Database\MySQLi\Connection.php:306
Stack trace:
#0 C:\xampp\htdocs\si-perpus\system\Database\MySQLi\Connection.php(306): mysqli->query('SELECT *\nFROM `...', 0)
#1 C:\xampp\htdocs\si-perpus\system\Database\BaseConnection.php(693): CodeIgniter\Database\MySQLi\Connection->execute('SELECT *\nFROM `...')
#2 C:\xampp\htdocs\si-perpus\system\Database\BaseConnection.php(607): CodeIgniter\Database\BaseConnection->simpleQuery('SELECT *\nFROM `...')
#3 C:\xampp\htdocs\si-perpus\system\Database\BaseBuilder.php(1613): CodeIgniter\Database\BaseConnection->query('SELECT *\nFROM `...', Array, false)
#4 C:\xampp\htdocs\si-perpus\app\Models\bukuModels.php(18): CodeIgniter\Database\BaseBuilder->get()
#5 C:\xampp\htdocs\si-perpus\app\Controllers\admin\Buku.php(22): App\Models\bukuModels->getAll()
#6 C:\xampp\htdocs\si-perpus\system\CodeIgniter.php(941): App\Controllers\admin\Buku->index()
#7 C:\xampp\htdocs\si-perpus\system\CodeIgniter.php(502): CodeIgniter\CodeIgniter->runController(Object(App\Controllers\admin\Buku))
#8 C:\xampp\htdocs\si-perpus\system\CodeIgniter.php(361): CodeIgniter\CodeIgniter->handleRequest(NULL, Object(Config\Cache), false)
#9 C:\xampp\htdocs\si-perpus\public\index.php(79): CodeIgniter\CodeIgniter->run()
#10 {main}
CRITICAL - 2024-03-27 12:24:11 --> CodeIgniter\Database\Exceptions\DatabaseException: Unknown column 'tbl_barang.id_kategori' in 'on clause'
in SYSTEMPATH\Database\BaseConnection.php on line 647.
 1 SYSTEMPATH\Database\BaseBuilder.php(1613): CodeIgniter\Database\BaseConnection->query('SELECT *
FROM `tbl_buku`
JOIN `tbl_kategori` ON `tbl_kategori`.`id_kategori` = `tbl_barang`.`id_kategori`', [], false)
 2 APPPATH\Models\bukuModels.php(18): CodeIgniter\Database\BaseBuilder->get()
 3 APPPATH\Controllers\admin\Buku.php(22): App\Models\bukuModels->getAll()
 4 SYSTEMPATH\CodeIgniter.php(941): App\Controllers\admin\Buku->index()
 5 SYSTEMPATH\CodeIgniter.php(502): CodeIgniter\CodeIgniter->runController(Object(App\Controllers\admin\Buku))
 6 SYSTEMPATH\CodeIgniter.php(361): CodeIgniter\CodeIgniter->handleRequest(null, Object(Config\Cache), false)
 7 FCPATH\index.php(79): CodeIgniter\CodeIgniter->run()
CRITICAL - 2024-03-27 12:24:11 --> [Caused by] CodeIgniter\Database\Exceptions\DatabaseException: Unknown column 'tbl_barang.id_kategori' in 'on clause'
in SYSTEMPATH\Database\MySQLi\Connection.php on line 311.
 1 SYSTEMPATH\Database\BaseConnection.php(693): CodeIgniter\Database\MySQLi\Connection->execute('SELECT *
FROM `tbl_buku`
JOIN `tbl_kategori` ON `tbl_kategori`.`id_kategori` = `tbl_barang`.`id_kategori`')
 2 SYSTEMPATH\Database\BaseConnection.php(607): CodeIgniter\Database\BaseConnection->simpleQuery('SELECT *
FROM `tbl_buku`
JOIN `tbl_kategori` ON `tbl_kategori`.`id_kategori` = `tbl_barang`.`id_kategori`')
 3 SYSTEMPATH\Database\BaseBuilder.php(1613): CodeIgniter\Database\BaseConnection->query('SELECT *
FROM `tbl_buku`
JOIN `tbl_kategori` ON `tbl_kategori`.`id_kategori` = `tbl_barang`.`id_kategori`', [], false)
 4 APPPATH\Models\bukuModels.php(18): CodeIgniter\Database\BaseBuilder->get()
 5 APPPATH\Controllers\admin\Buku.php(22): App\Models\bukuModels->getAll()
 6 SYSTEMPATH\CodeIgniter.php(941): App\Controllers\admin\Buku->index()
 7 SYSTEMPATH\CodeIgniter.php(502): CodeIgniter\CodeIgniter->runController(Object(App\Controllers\admin\Buku))
 8 SYSTEMPATH\CodeIgniter.php(361): CodeIgniter\CodeIgniter->handleRequest(null, Object(Config\Cache), false)
 9 FCPATH\index.php(79): CodeIgniter\CodeIgniter->run()
CRITICAL - 2024-03-27 12:24:11 --> [Caused by] mysqli_sql_exception: Unknown column 'tbl_barang.id_kategori' in 'on clause'
in SYSTEMPATH\Database\MySQLi\Connection.php on line 306.
 1 SYSTEMPATH\Database\MySQLi\Connection.php(306): mysqli->query('SELECT *
FROM `tbl_buku`
JOIN `tbl_kategori` ON `tbl_kategori`.`id_kategori` = `tbl_barang`.`id_kategori`', 0)
 2 SYSTEMPATH\Database\BaseConnection.php(693): CodeIgniter\Database\MySQLi\Connection->execute('SELECT *
FROM `tbl_buku`
JOIN `tbl_kategori` ON `tbl_kategori`.`id_kategori` = `tbl_barang`.`id_kategori`')
 3 SYSTEMPATH\Database\BaseConnection.php(607): CodeIgniter\Database\BaseConnection->simpleQuery('SELECT *
FROM `tbl_buku`
JOIN `tbl_kategori` ON `tbl_kategori`.`id_kategori` = `tbl_barang`.`id_kategori`')
 4 SYSTEMPATH\Database\BaseBuilder.php(1613): CodeIgniter\Database\BaseConnection->query('SELECT *
FROM `tbl_buku`
JOIN `tbl_kategori` ON `tbl_kategori`.`id_kategori` = `tbl_barang`.`id_kategori`', [], false)
 5 APPPATH\Models\bukuModels.php(18): CodeIgniter\Database\BaseBuilder->get()
 6 APPPATH\Controllers\admin\Buku.php(22): App\Models\bukuModels->getAll()
 7 SYSTEMPATH\CodeIgniter.php(941): App\Controllers\admin\Buku->index()
 8 SYSTEMPATH\CodeIgniter.php(502): CodeIgniter\CodeIgniter->runController(Object(App\Controllers\admin\Buku))
 9 SYSTEMPATH\CodeIgniter.php(361): CodeIgniter\CodeIgniter->handleRequest(null, Object(Config\Cache), false)
10 FCPATH\index.php(79): CodeIgniter\CodeIgniter->run()
CRITICAL - 2024-03-27 12:25:54 --> ErrorException: Undefined variable: buku
in APPPATH\Views\pages\backend\buku.php on line 33.
 1 APPPATH\Views\pages\backend\buku.php(33): CodeIgniter\Debug\Exceptions->errorHandler(8, 'Undefined variable: buku', 'C:\\xampp\\htdocs\\si-perpus\\app\\Views\\pages\\backend\\buku.php', 33, [...])
 2 SYSTEMPATH\View\View.php(228): include('C:\\xampp\\htdocs\\si-perpus\\app\\Views\\pages\\backend\\buku.php')
 3 SYSTEMPATH\View\View.php(231): CodeIgniter\View\View->CodeIgniter\View\{closure}()
 4 SYSTEMPATH\Common.php(1178): CodeIgniter\View\View->render('pages/backend/buku', [], true)
 5 APPPATH\Controllers\admin\Buku.php(23): view('pages/backend/buku', [...])
 6 SYSTEMPATH\CodeIgniter.php(941): App\Controllers\admin\Buku->index()
 7 SYSTEMPATH\CodeIgniter.php(502): CodeIgniter\CodeIgniter->runController(Object(App\Controllers\admin\Buku))
 8 SYSTEMPATH\CodeIgniter.php(361): CodeIgniter\CodeIgniter->handleRequest(null, Object(Config\Cache), false)
 9 FCPATH\index.php(79): CodeIgniter\CodeIgniter->run()
CRITICAL - 2024-03-27 12:26:11 --> ErrorException: Trying to access array offset on value of type int
in APPPATH\Views\pages\backend\buku.php on line 45.
 1 APPPATH\Views\pages\backend\buku.php(45): CodeIgniter\Debug\Exceptions->errorHandler(8, 'Trying to access array offset on value of type int', 'C:\\xampp\\htdocs\\si-perpus\\app\\Views\\pages\\backend\\buku.php', 45, [...])
 2 SYSTEMPATH\View\View.php(228): include('C:\\xampp\\htdocs\\si-perpus\\app\\Views\\pages\\backend\\buku.php')
 3 SYSTEMPATH\View\View.php(231): CodeIgniter\View\View->CodeIgniter\View\{closure}()
 4 SYSTEMPATH\Common.php(1178): CodeIgniter\View\View->render('pages/backend/buku', [], true)
 5 APPPATH\Controllers\admin\Buku.php(23): view('pages/backend/buku', [...])
 6 SYSTEMPATH\CodeIgniter.php(941): App\Controllers\admin\Buku->index()
 7 SYSTEMPATH\CodeIgniter.php(502): CodeIgniter\CodeIgniter->runController(Object(App\Controllers\admin\Buku))
 8 SYSTEMPATH\CodeIgniter.php(361): CodeIgniter\CodeIgniter->handleRequest(null, Object(Config\Cache), false)
 9 FCPATH\index.php(79): CodeIgniter\CodeIgniter->run()
CRITICAL - 2024-03-27 12:26:35 --> ErrorException: Trying to access array offset on value of type int
in APPPATH\Views\pages\backend\buku.php on line 45.
 1 APPPATH\Views\pages\backend\buku.php(45): CodeIgniter\Debug\Exceptions->errorHandler(8, 'Trying to access array offset on value of type int', 'C:\\xampp\\htdocs\\si-perpus\\app\\Views\\pages\\backend\\buku.php', 45, [...])
 2 SYSTEMPATH\View\View.php(228): include('C:\\xampp\\htdocs\\si-perpus\\app\\Views\\pages\\backend\\buku.php')
 3 SYSTEMPATH\View\View.php(231): CodeIgniter\View\View->CodeIgniter\View\{closure}()
 4 SYSTEMPATH\Common.php(1178): CodeIgniter\View\View->render('pages/backend/buku', [], true)
 5 APPPATH\Controllers\admin\Buku.php(23): view('pages/backend/buku', [...])
 6 SYSTEMPATH\CodeIgniter.php(941): App\Controllers\admin\Buku->index()
 7 SYSTEMPATH\CodeIgniter.php(502): CodeIgniter\CodeIgniter->runController(Object(App\Controllers\admin\Buku))
 8 SYSTEMPATH\CodeIgniter.php(361): CodeIgniter\CodeIgniter->handleRequest(null, Object(Config\Cache), false)
 9 FCPATH\index.php(79): CodeIgniter\CodeIgniter->run()
CRITICAL - 2024-03-27 12:27:21 --> ErrorException: Trying to access array offset on value of type int
in APPPATH\Views\pages\backend\buku.php on line 45.
 1 APPPATH\Views\pages\backend\buku.php(45): CodeIgniter\Debug\Exceptions->errorHandler(8, 'Trying to access array offset on value of type int', 'C:\\xampp\\htdocs\\si-perpus\\app\\Views\\pages\\backend\\buku.php', 45, [...])
 2 SYSTEMPATH\View\View.php(228): include('C:\\xampp\\htdocs\\si-perpus\\app\\Views\\pages\\backend\\buku.php')
 3 SYSTEMPATH\View\View.php(231): CodeIgniter\View\View->CodeIgniter\View\{closure}()
 4 SYSTEMPATH\Common.php(1178): CodeIgniter\View\View->render('pages/backend/buku', [], true)
 5 APPPATH\Controllers\admin\Buku.php(23): view('pages/backend/buku', [...])
 6 SYSTEMPATH\CodeIgniter.php(941): App\Controllers\admin\Buku->index()
 7 SYSTEMPATH\CodeIgniter.php(502): CodeIgniter\CodeIgniter->runController(Object(App\Controllers\admin\Buku))
 8 SYSTEMPATH\CodeIgniter.php(361): CodeIgniter\CodeIgniter->handleRequest(null, Object(Config\Cache), false)
 9 FCPATH\index.php(79): CodeIgniter\CodeIgniter->run()
