CRITICAL - 2024-03-17 03:25:08 --> ErrorException: Trying to access array offset on value of type null
in APPPATH\Views\pages\backend\buku\edit.php on line 7.
 1 APPPATH\Views\pages\backend\buku\edit.php(7): CodeIgniter\Debug\Exceptions->errorHandler(8, 'Trying to access array offset on value of type null', 'C:\\xampp\\htdocs\\si-perpus\\app\\Views\\pages\\backend\\buku\\edit.php', 7, [...])
 2 SYSTEMPATH\View\View.php(228): include('C:\\xampp\\htdocs\\si-perpus\\app\\Views\\pages\\backend\\buku\\edit.php')
 3 SYSTEMPATH\View\View.php(231): CodeIgniter\View\View->CodeIgniter\View\{closure}()
 4 SYSTEMPATH\Common.php(1178): CodeIgniter\View\View->render('pages/backend/buku/edit', [], true)
 5 APPPATH\Controllers\admin\Buku.php(96): view('pages/backend/buku/edit', [...])
 6 SYSTEMPATH\CodeIgniter.php(941): App\Controllers\admin\Buku->edit('img', 'undraw_profile.svg')
 7 SYSTEMPATH\CodeIgniter.php(502): CodeIgniter\CodeIgniter->runController(Object(App\Controllers\admin\Buku))
 8 SYSTEMPATH\CodeIgniter.php(361): CodeIgniter\CodeIgniter->handleRequest(null, Object(Config\Cache), false)
 9 FCPATH\index.php(79): CodeIgniter\CodeIgniter->run()
CRITICAL - 2024-03-17 03:28:02 --> ErrorException: Trying to access array offset on value of type null
in APPPATH\Views\pages\backend\buku\edit.php on line 7.
 1 APPPATH\Views\pages\backend\buku\edit.php(7): CodeIgniter\Debug\Exceptions->errorHandler(8, 'Trying to access array offset on value of type null', 'C:\\xampp\\htdocs\\si-perpus\\app\\Views\\pages\\backend\\buku\\edit.php', 7, [...])
 2 SYSTEMPATH\View\View.php(228): include('C:\\xampp\\htdocs\\si-perpus\\app\\Views\\pages\\backend\\buku\\edit.php')
 3 SYSTEMPATH\View\View.php(231): CodeIgniter\View\View->CodeIgniter\View\{closure}()
 4 SYSTEMPATH\Common.php(1178): CodeIgniter\View\View->render('pages/backend/buku/edit', [], true)
 5 APPPATH\Controllers\admin\Buku.php(96): view('pages/backend/buku/edit', [...])
 6 SYSTEMPATH\CodeIgniter.php(941): App\Controllers\admin\Buku->edit('img', 'undraw_profile.svg')
 7 SYSTEMPATH\CodeIgniter.php(502): CodeIgniter\CodeIgniter->runController(Object(App\Controllers\admin\Buku))
 8 SYSTEMPATH\CodeIgniter.php(361): CodeIgniter\CodeIgniter->handleRequest(null, Object(Config\Cache), false)
 9 FCPATH\index.php(79): CodeIgniter\CodeIgniter->run()
CRITICAL - 2024-03-17 03:28:08 --> ErrorException: Trying to access array offset on value of type null
in APPPATH\Views\pages\backend\buku\edit.php on line 7.
 1 APPPATH\Views\pages\backend\buku\edit.php(7): CodeIgniter\Debug\Exceptions->errorHandler(8, 'Trying to access array offset on value of type null', 'C:\\xampp\\htdocs\\si-perpus\\app\\Views\\pages\\backend\\buku\\edit.php', 7, [...])
 2 SYSTEMPATH\View\View.php(228): include('C:\\xampp\\htdocs\\si-perpus\\app\\Views\\pages\\backend\\buku\\edit.php')
 3 SYSTEMPATH\View\View.php(231): CodeIgniter\View\View->CodeIgniter\View\{closure}()
 4 SYSTEMPATH\Common.php(1178): CodeIgniter\View\View->render('pages/backend/buku/edit', [], true)
 5 APPPATH\Controllers\admin\Buku.php(96): view('pages/backend/buku/edit', [...])
 6 SYSTEMPATH\CodeIgniter.php(941): App\Controllers\admin\Buku->edit('img', 'undraw_profile.svg')
 7 SYSTEMPATH\CodeIgniter.php(502): CodeIgniter\CodeIgniter->runController(Object(App\Controllers\admin\Buku))
 8 SYSTEMPATH\CodeIgniter.php(361): CodeIgniter\CodeIgniter->handleRequest(null, Object(Config\Cache), false)
 9 FCPATH\index.php(79): CodeIgniter\CodeIgniter->run()
INFO - 2024-03-17 03:28:16 --> Session: Class initialized using 'CodeIgniter\Session\Handlers\FileHandler' driver.
CRITICAL - 2024-03-17 03:28:16 --> ErrorException: Trying to access array offset on value of type null
in APPPATH\Views\pages\backend\buku\edit.php on line 7.
 1 APPPATH\Views\pages\backend\buku\edit.php(7): CodeIgniter\Debug\Exceptions->errorHandler(8, 'Trying to access array offset on value of type null', 'C:\\xampp\\htdocs\\si-perpus\\app\\Views\\pages\\backend\\buku\\edit.php', 7, [...])
 2 SYSTEMPATH\View\View.php(228): include('C:\\xampp\\htdocs\\si-perpus\\app\\Views\\pages\\backend\\buku\\edit.php')
 3 SYSTEMPATH\View\View.php(231): CodeIgniter\View\View->CodeIgniter\View\{closure}()
 4 SYSTEMPATH\Common.php(1178): CodeIgniter\View\View->render('pages/backend/buku/edit', [], true)
 5 APPPATH\Controllers\admin\Buku.php(96): view('pages/backend/buku/edit', [...])
 6 SYSTEMPATH\CodeIgniter.php(941): App\Controllers\admin\Buku->edit('img', 'undraw_profile.svg')
 7 SYSTEMPATH\CodeIgniter.php(502): CodeIgniter\CodeIgniter->runController(Object(App\Controllers\admin\Buku))
 8 SYSTEMPATH\CodeIgniter.php(361): CodeIgniter\CodeIgniter->handleRequest(null, Object(Config\Cache), false)
 9 FCPATH\index.php(79): CodeIgniter\CodeIgniter->run()
CRITICAL - 2024-03-17 03:28:29 --> ErrorException: Trying to access array offset on value of type null
in APPPATH\Views\pages\backend\buku\edit.php on line 7.
 1 APPPATH\Views\pages\backend\buku\edit.php(7): CodeIgniter\Debug\Exceptions->errorHandler(8, 'Trying to access array offset on value of type null', 'C:\\xampp\\htdocs\\si-perpus\\app\\Views\\pages\\backend\\buku\\edit.php', 7, [...])
 2 SYSTEMPATH\View\View.php(228): include('C:\\xampp\\htdocs\\si-perpus\\app\\Views\\pages\\backend\\buku\\edit.php')
 3 SYSTEMPATH\View\View.php(231): CodeIgniter\View\View->CodeIgniter\View\{closure}()
 4 SYSTEMPATH\Common.php(1178): CodeIgniter\View\View->render('pages/backend/buku/edit', [], true)
 5 APPPATH\Controllers\admin\Buku.php(96): view('pages/backend/buku/edit', [...])
 6 SYSTEMPATH\CodeIgniter.php(941): App\Controllers\admin\Buku->edit('img', 'undraw_profile.svg')
 7 SYSTEMPATH\CodeIgniter.php(502): CodeIgniter\CodeIgniter->runController(Object(App\Controllers\admin\Buku))
 8 SYSTEMPATH\CodeIgniter.php(361): CodeIgniter\CodeIgniter->handleRequest(null, Object(Config\Cache), false)
 9 FCPATH\index.php(79): CodeIgniter\CodeIgniter->run()
CRITICAL - 2024-03-17 03:28:38 --> ErrorException: Trying to access array offset on value of type null
in APPPATH\Views\pages\backend\buku\edit.php on line 7.
 1 APPPATH\Views\pages\backend\buku\edit.php(7): CodeIgniter\Debug\Exceptions->errorHandler(8, 'Trying to access array offset on value of type null', 'C:\\xampp\\htdocs\\si-perpus\\app\\Views\\pages\\backend\\buku\\edit.php', 7, [...])
 2 SYSTEMPATH\View\View.php(228): include('C:\\xampp\\htdocs\\si-perpus\\app\\Views\\pages\\backend\\buku\\edit.php')
 3 SYSTEMPATH\View\View.php(231): CodeIgniter\View\View->CodeIgniter\View\{closure}()
 4 SYSTEMPATH\Common.php(1178): CodeIgniter\View\View->render('pages/backend/buku/edit', [], true)
 5 APPPATH\Controllers\admin\Buku.php(96): view('pages/backend/buku/edit', [...])
 6 SYSTEMPATH\CodeIgniter.php(941): App\Controllers\admin\Buku->edit('img', 'undraw_profile.svg')
 7 SYSTEMPATH\CodeIgniter.php(502): CodeIgniter\CodeIgniter->runController(Object(App\Controllers\admin\Buku))
 8 SYSTEMPATH\CodeIgniter.php(361): CodeIgniter\CodeIgniter->handleRequest(null, Object(Config\Cache), false)
 9 FCPATH\index.php(79): CodeIgniter\CodeIgniter->run()
INFO - 2024-03-17 03:28:56 --> Session: Class initialized using 'CodeIgniter\Session\Handlers\FileHandler' driver.
CRITICAL - 2024-03-17 03:28:57 --> ErrorException: Trying to access array offset on value of type null
in APPPATH\Views\pages\backend\buku\edit.php on line 7.
 1 APPPATH\Views\pages\backend\buku\edit.php(7): CodeIgniter\Debug\Exceptions->errorHandler(8, 'Trying to access array offset on value of type null', 'C:\\xampp\\htdocs\\si-perpus\\app\\Views\\pages\\backend\\buku\\edit.php', 7, [...])
 2 SYSTEMPATH\View\View.php(228): include('C:\\xampp\\htdocs\\si-perpus\\app\\Views\\pages\\backend\\buku\\edit.php')
 3 SYSTEMPATH\View\View.php(231): CodeIgniter\View\View->CodeIgniter\View\{closure}()
 4 SYSTEMPATH\Common.php(1178): CodeIgniter\View\View->render('pages/backend/buku/edit', [], true)
 5 APPPATH\Controllers\admin\Buku.php(96): view('pages/backend/buku/edit', [...])
 6 SYSTEMPATH\CodeIgniter.php(941): App\Controllers\admin\Buku->edit('img', 'undraw_profile.svg')
 7 SYSTEMPATH\CodeIgniter.php(502): CodeIgniter\CodeIgniter->runController(Object(App\Controllers\admin\Buku))
 8 SYSTEMPATH\CodeIgniter.php(361): CodeIgniter\CodeIgniter->handleRequest(null, Object(Config\Cache), false)
 9 FCPATH\index.php(79): CodeIgniter\CodeIgniter->run()
CRITICAL - 2024-03-17 03:29:02 --> ErrorException: Trying to access array offset on value of type null
in APPPATH\Views\pages\backend\buku\edit.php on line 7.
 1 APPPATH\Views\pages\backend\buku\edit.php(7): CodeIgniter\Debug\Exceptions->errorHandler(8, 'Trying to access array offset on value of type null', 'C:\\xampp\\htdocs\\si-perpus\\app\\Views\\pages\\backend\\buku\\edit.php', 7, [...])
 2 SYSTEMPATH\View\View.php(228): include('C:\\xampp\\htdocs\\si-perpus\\app\\Views\\pages\\backend\\buku\\edit.php')
 3 SYSTEMPATH\View\View.php(231): CodeIgniter\View\View->CodeIgniter\View\{closure}()
 4 SYSTEMPATH\Common.php(1178): CodeIgniter\View\View->render('pages/backend/buku/edit', [], true)
 5 APPPATH\Controllers\admin\Buku.php(96): view('pages/backend/buku/edit', [...])
 6 SYSTEMPATH\CodeIgniter.php(941): App\Controllers\admin\Buku->edit('img', 'undraw_profile.svg')
 7 SYSTEMPATH\CodeIgniter.php(502): CodeIgniter\CodeIgniter->runController(Object(App\Controllers\admin\Buku))
 8 SYSTEMPATH\CodeIgniter.php(361): CodeIgniter\CodeIgniter->handleRequest(null, Object(Config\Cache), false)
 9 FCPATH\index.php(79): CodeIgniter\CodeIgniter->run()
CRITICAL - 2024-03-17 03:30:28 --> ArgumentCountError: Too few arguments to function App\Controllers\admin\Buku::delete(), 0 passed in C:\xampp\htdocs\si-perpus\system\CodeIgniter.php on line 941 and exactly 1 expected
in APPPATH\Controllers\admin\Buku.php on line 170.
 1 SYSTEMPATH\CodeIgniter.php(941): App\Controllers\admin\Buku->delete()
 2 SYSTEMPATH\CodeIgniter.php(502): CodeIgniter\CodeIgniter->runController(Object(App\Controllers\admin\Buku))
 3 SYSTEMPATH\CodeIgniter.php(361): CodeIgniter\CodeIgniter->handleRequest(null, Object(Config\Cache), false)
 4 FCPATH\index.php(79): CodeIgniter\CodeIgniter->run()
CRITICAL - 2024-03-17 03:34:42 --> ErrorException: Trying to access array offset on value of type null
in APPPATH\Views\pages\backend\buku\edit.php on line 7.
 1 APPPATH\Views\pages\backend\buku\edit.php(7): CodeIgniter\Debug\Exceptions->errorHandler(8, 'Trying to access array offset on value of type null', 'C:\\xampp\\htdocs\\si-perpus\\app\\Views\\pages\\backend\\buku\\edit.php', 7, [...])
 2 SYSTEMPATH\View\View.php(228): include('C:\\xampp\\htdocs\\si-perpus\\app\\Views\\pages\\backend\\buku\\edit.php')
 3 SYSTEMPATH\View\View.php(231): CodeIgniter\View\View->CodeIgniter\View\{closure}()
 4 SYSTEMPATH\Common.php(1178): CodeIgniter\View\View->render('pages/backend/buku/edit', [], true)
 5 APPPATH\Controllers\admin\Buku.php(96): view('pages/backend/buku/edit', [...])
 6 SYSTEMPATH\CodeIgniter.php(941): App\Controllers\admin\Buku->edit('img', 'undraw_profile.svg')
 7 SYSTEMPATH\CodeIgniter.php(502): CodeIgniter\CodeIgniter->runController(Object(App\Controllers\admin\Buku))
 8 SYSTEMPATH\CodeIgniter.php(361): CodeIgniter\CodeIgniter->handleRequest(null, Object(Config\Cache), false)
 9 FCPATH\index.php(79): CodeIgniter\CodeIgniter->run()
INFO - 2024-03-17 03:34:50 --> Session: Class initialized using 'CodeIgniter\Session\Handlers\FileHandler' driver.
CRITICAL - 2024-03-17 03:34:50 --> ErrorException: Trying to access array offset on value of type null
in APPPATH\Views\pages\backend\buku\edit.php on line 7.
 1 APPPATH\Views\pages\backend\buku\edit.php(7): CodeIgniter\Debug\Exceptions->errorHandler(8, 'Trying to access array offset on value of type null', 'C:\\xampp\\htdocs\\si-perpus\\app\\Views\\pages\\backend\\buku\\edit.php', 7, [...])
 2 SYSTEMPATH\View\View.php(228): include('C:\\xampp\\htdocs\\si-perpus\\app\\Views\\pages\\backend\\buku\\edit.php')
 3 SYSTEMPATH\View\View.php(231): CodeIgniter\View\View->CodeIgniter\View\{closure}()
 4 SYSTEMPATH\Common.php(1178): CodeIgniter\View\View->render('pages/backend/buku/edit', [], true)
 5 APPPATH\Controllers\admin\Buku.php(96): view('pages/backend/buku/edit', [...])
 6 SYSTEMPATH\CodeIgniter.php(941): App\Controllers\admin\Buku->edit('img', 'undraw_profile.svg')
 7 SYSTEMPATH\CodeIgniter.php(502): CodeIgniter\CodeIgniter->runController(Object(App\Controllers\admin\Buku))
 8 SYSTEMPATH\CodeIgniter.php(361): CodeIgniter\CodeIgniter->handleRequest(null, Object(Config\Cache), false)
 9 FCPATH\index.php(79): CodeIgniter\CodeIgniter->run()
CRITICAL - 2024-03-17 03:34:53 --> ErrorException: Trying to access array offset on value of type null
in APPPATH\Views\pages\backend\buku\edit.php on line 7.
 1 APPPATH\Views\pages\backend\buku\edit.php(7): CodeIgniter\Debug\Exceptions->errorHandler(8, 'Trying to access array offset on value of type null', 'C:\\xampp\\htdocs\\si-perpus\\app\\Views\\pages\\backend\\buku\\edit.php', 7, [...])
 2 SYSTEMPATH\View\View.php(228): include('C:\\xampp\\htdocs\\si-perpus\\app\\Views\\pages\\backend\\buku\\edit.php')
 3 SYSTEMPATH\View\View.php(231): CodeIgniter\View\View->CodeIgniter\View\{closure}()
 4 SYSTEMPATH\Common.php(1178): CodeIgniter\View\View->render('pages/backend/buku/edit', [], true)
 5 APPPATH\Controllers\admin\Buku.php(96): view('pages/backend/buku/edit', [...])
 6 SYSTEMPATH\CodeIgniter.php(941): App\Controllers\admin\Buku->edit('img', 'undraw_profile.svg')
 7 SYSTEMPATH\CodeIgniter.php(502): CodeIgniter\CodeIgniter->runController(Object(App\Controllers\admin\Buku))
 8 SYSTEMPATH\CodeIgniter.php(361): CodeIgniter\CodeIgniter->handleRequest(null, Object(Config\Cache), false)
 9 FCPATH\index.php(79): CodeIgniter\CodeIgniter->run()
CRITICAL - 2024-03-17 03:35:08 --> ArgumentCountError: Too few arguments to function App\Controllers\admin\Buku::delete(), 0 passed in C:\xampp\htdocs\si-perpus\system\CodeIgniter.php on line 941 and exactly 1 expected
in APPPATH\Controllers\admin\Buku.php on line 163.
 1 SYSTEMPATH\CodeIgniter.php(941): App\Controllers\admin\Buku->delete()
 2 SYSTEMPATH\CodeIgniter.php(502): CodeIgniter\CodeIgniter->runController(Object(App\Controllers\admin\Buku))
 3 SYSTEMPATH\CodeIgniter.php(361): CodeIgniter\CodeIgniter->handleRequest(null, Object(Config\Cache), false)
 4 FCPATH\index.php(79): CodeIgniter\CodeIgniter->run()
CRITICAL - 2024-03-17 03:37:42 --> ErrorException: Undefined variable: key
in APPPATH\Views\pages\backend\buku.php on line 66.
 1 APPPATH\Views\pages\backend\buku.php(66): CodeIgniter\Debug\Exceptions->errorHandler(8, 'Undefined variable: key', 'C:\\xampp\\htdocs\\si-perpus\\app\\Views\\pages\\backend\\buku.php', 66, [...])
 2 SYSTEMPATH\View\View.php(228): include('C:\\xampp\\htdocs\\si-perpus\\app\\Views\\pages\\backend\\buku.php')
 3 SYSTEMPATH\View\View.php(231): CodeIgniter\View\View->CodeIgniter\View\{closure}()
 4 SYSTEMPATH\Common.php(1178): CodeIgniter\View\View->render('pages/backend/buku', [], true)
 5 APPPATH\Controllers\admin\Buku.php(24): view('pages/backend/buku', [...])
 6 SYSTEMPATH\CodeIgniter.php(941): App\Controllers\admin\Buku->index()
 7 SYSTEMPATH\CodeIgniter.php(502): CodeIgniter\CodeIgniter->runController(Object(App\Controllers\admin\Buku))
 8 SYSTEMPATH\CodeIgniter.php(361): CodeIgniter\CodeIgniter->handleRequest(null, Object(Config\Cache), false)
 9 FCPATH\index.php(79): CodeIgniter\CodeIgniter->run()
CRITICAL - 2024-03-17 03:38:24 --> ErrorException: Undefined variable: key
in APPPATH\Views\pages\backend\buku.php on line 66.
 1 APPPATH\Views\pages\backend\buku.php(66): CodeIgniter\Debug\Exceptions->errorHandler(8, 'Undefined variable: key', 'C:\\xampp\\htdocs\\si-perpus\\app\\Views\\pages\\backend\\buku.php', 66, [...])
 2 SYSTEMPATH\View\View.php(228): include('C:\\xampp\\htdocs\\si-perpus\\app\\Views\\pages\\backend\\buku.php')
 3 SYSTEMPATH\View\View.php(231): CodeIgniter\View\View->CodeIgniter\View\{closure}()
 4 SYSTEMPATH\Common.php(1178): CodeIgniter\View\View->render('pages/backend/buku', [], true)
 5 APPPATH\Controllers\admin\Buku.php(24): view('pages/backend/buku', [...])
 6 SYSTEMPATH\CodeIgniter.php(941): App\Controllers\admin\Buku->index()
 7 SYSTEMPATH\CodeIgniter.php(502): CodeIgniter\CodeIgniter->runController(Object(App\Controllers\admin\Buku))
 8 SYSTEMPATH\CodeIgniter.php(361): CodeIgniter\CodeIgniter->handleRequest(null, Object(Config\Cache), false)
 9 FCPATH\index.php(79): CodeIgniter\CodeIgniter->run()
CRITICAL - 2024-03-17 03:38:25 --> ErrorException: Trying to access array offset on value of type null
in APPPATH\Views\pages\backend\buku\edit.php on line 7.
 1 APPPATH\Views\pages\backend\buku\edit.php(7): CodeIgniter\Debug\Exceptions->errorHandler(8, 'Trying to access array offset on value of type null', 'C:\\xampp\\htdocs\\si-perpus\\app\\Views\\pages\\backend\\buku\\edit.php', 7, [...])
 2 SYSTEMPATH\View\View.php(228): include('C:\\xampp\\htdocs\\si-perpus\\app\\Views\\pages\\backend\\buku\\edit.php')
 3 SYSTEMPATH\View\View.php(231): CodeIgniter\View\View->CodeIgniter\View\{closure}()
 4 SYSTEMPATH\Common.php(1178): CodeIgniter\View\View->render('pages/backend/buku/edit', [], true)
 5 APPPATH\Controllers\admin\Buku.php(96): view('pages/backend/buku/edit', [...])
 6 SYSTEMPATH\CodeIgniter.php(941): App\Controllers\admin\Buku->edit('5')
 7 SYSTEMPATH\CodeIgniter.php(502): CodeIgniter\CodeIgniter->runController(Object(App\Controllers\admin\Buku))
 8 SYSTEMPATH\CodeIgniter.php(361): CodeIgniter\CodeIgniter->handleRequest(null, Object(Config\Cache), false)
 9 FCPATH\index.php(79): CodeIgniter\CodeIgniter->run()
CRITICAL - 2024-03-17 03:38:25 --> ErrorException: Trying to access array offset on value of type null
in APPPATH\Views\pages\backend\buku\edit.php on line 7.
 1 APPPATH\Views\pages\backend\buku\edit.php(7): CodeIgniter\Debug\Exceptions->errorHandler(8, 'Trying to access array offset on value of type null', 'C:\\xampp\\htdocs\\si-perpus\\app\\Views\\pages\\backend\\buku\\edit.php', 7, [...])
 2 SYSTEMPATH\View\View.php(228): include('C:\\xampp\\htdocs\\si-perpus\\app\\Views\\pages\\backend\\buku\\edit.php')
 3 SYSTEMPATH\View\View.php(231): CodeIgniter\View\View->CodeIgniter\View\{closure}()
 4 SYSTEMPATH\Common.php(1178): CodeIgniter\View\View->render('pages/backend/buku/edit', [], true)
 5 APPPATH\Controllers\admin\Buku.php(96): view('pages/backend/buku/edit', [...])
 6 SYSTEMPATH\CodeIgniter.php(941): App\Controllers\admin\Buku->edit('5')
 7 SYSTEMPATH\CodeIgniter.php(502): CodeIgniter\CodeIgniter->runController(Object(App\Controllers\admin\Buku))
 8 SYSTEMPATH\CodeIgniter.php(361): CodeIgniter\CodeIgniter->handleRequest(null, Object(Config\Cache), false)
 9 FCPATH\index.php(79): CodeIgniter\CodeIgniter->run()
CRITICAL - 2024-03-17 03:38:28 --> ErrorException: Undefined variable: key
in APPPATH\Views\pages\backend\buku.php on line 66.
 1 APPPATH\Views\pages\backend\buku.php(66): CodeIgniter\Debug\Exceptions->errorHandler(8, 'Undefined variable: key', 'C:\\xampp\\htdocs\\si-perpus\\app\\Views\\pages\\backend\\buku.php', 66, [...])
 2 SYSTEMPATH\View\View.php(228): include('C:\\xampp\\htdocs\\si-perpus\\app\\Views\\pages\\backend\\buku.php')
 3 SYSTEMPATH\View\View.php(231): CodeIgniter\View\View->CodeIgniter\View\{closure}()
 4 SYSTEMPATH\Common.php(1178): CodeIgniter\View\View->render('pages/backend/buku', [], true)
 5 APPPATH\Controllers\admin\Buku.php(24): view('pages/backend/buku', [...])
 6 SYSTEMPATH\CodeIgniter.php(941): App\Controllers\admin\Buku->index()
 7 SYSTEMPATH\CodeIgniter.php(502): CodeIgniter\CodeIgniter->runController(Object(App\Controllers\admin\Buku))
 8 SYSTEMPATH\CodeIgniter.php(361): CodeIgniter\CodeIgniter->handleRequest(null, Object(Config\Cache), false)
 9 FCPATH\index.php(79): CodeIgniter\CodeIgniter->run()
CRITICAL - 2024-03-17 03:38:28 --> ErrorException: Undefined variable: key
in APPPATH\Views\pages\backend\buku.php on line 66.
 1 APPPATH\Views\pages\backend\buku.php(66): CodeIgniter\Debug\Exceptions->errorHandler(8, 'Undefined variable: key', 'C:\\xampp\\htdocs\\si-perpus\\app\\Views\\pages\\backend\\buku.php', 66, [...])
 2 SYSTEMPATH\View\View.php(228): include('C:\\xampp\\htdocs\\si-perpus\\app\\Views\\pages\\backend\\buku.php')
 3 SYSTEMPATH\View\View.php(231): CodeIgniter\View\View->CodeIgniter\View\{closure}()
 4 SYSTEMPATH\Common.php(1178): CodeIgniter\View\View->render('pages/backend/buku', [], true)
 5 APPPATH\Controllers\admin\Buku.php(24): view('pages/backend/buku', [...])
 6 SYSTEMPATH\CodeIgniter.php(941): App\Controllers\admin\Buku->index()
 7 SYSTEMPATH\CodeIgniter.php(502): CodeIgniter\CodeIgniter->runController(Object(App\Controllers\admin\Buku))
 8 SYSTEMPATH\CodeIgniter.php(361): CodeIgniter\CodeIgniter->handleRequest(null, Object(Config\Cache), false)
 9 FCPATH\index.php(79): CodeIgniter\CodeIgniter->run()
CRITICAL - 2024-03-17 03:38:53 --> ErrorException: Undefined variable: key
in APPPATH\Views\pages\backend\buku.php on line 66.
 1 APPPATH\Views\pages\backend\buku.php(66): CodeIgniter\Debug\Exceptions->errorHandler(8, 'Undefined variable: key', 'C:\\xampp\\htdocs\\si-perpus\\app\\Views\\pages\\backend\\buku.php', 66, [...])
 2 SYSTEMPATH\View\View.php(228): include('C:\\xampp\\htdocs\\si-perpus\\app\\Views\\pages\\backend\\buku.php')
 3 SYSTEMPATH\View\View.php(231): CodeIgniter\View\View->CodeIgniter\View\{closure}()
 4 SYSTEMPATH\Common.php(1178): CodeIgniter\View\View->render('pages/backend/buku', [], true)
 5 APPPATH\Controllers\admin\Buku.php(24): view('pages/backend/buku', [...])
 6 SYSTEMPATH\CodeIgniter.php(941): App\Controllers\admin\Buku->index()
 7 SYSTEMPATH\CodeIgniter.php(502): CodeIgniter\CodeIgniter->runController(Object(App\Controllers\admin\Buku))
 8 SYSTEMPATH\CodeIgniter.php(361): CodeIgniter\CodeIgniter->handleRequest(null, Object(Config\Cache), false)
 9 FCPATH\index.php(79): CodeIgniter\CodeIgniter->run()
CRITICAL - 2024-03-17 03:39:12 --> ErrorException: Undefined index: id_buku
in APPPATH\Views\pages\backend\buku.php on line 66.
 1 APPPATH\Views\pages\backend\buku.php(66): CodeIgniter\Debug\Exceptions->errorHandler(8, 'Undefined index: id_buku', 'C:\\xampp\\htdocs\\si-perpus\\app\\Views\\pages\\backend\\buku.php', 66, [...])
 2 SYSTEMPATH\View\View.php(228): include('C:\\xampp\\htdocs\\si-perpus\\app\\Views\\pages\\backend\\buku.php')
 3 SYSTEMPATH\View\View.php(231): CodeIgniter\View\View->CodeIgniter\View\{closure}()
 4 SYSTEMPATH\Common.php(1178): CodeIgniter\View\View->render('pages/backend/buku', [], true)
 5 APPPATH\Controllers\admin\Buku.php(24): view('pages/backend/buku', [...])
 6 SYSTEMPATH\CodeIgniter.php(941): App\Controllers\admin\Buku->index()
 7 SYSTEMPATH\CodeIgniter.php(502): CodeIgniter\CodeIgniter->runController(Object(App\Controllers\admin\Buku))
 8 SYSTEMPATH\CodeIgniter.php(361): CodeIgniter\CodeIgniter->handleRequest(null, Object(Config\Cache), false)
 9 FCPATH\index.php(79): CodeIgniter\CodeIgniter->run()
CRITICAL - 2024-03-17 03:40:01 --> ErrorException: Undefined index: id_buku
in APPPATH\Views\pages\backend\buku.php on line 66.
 1 APPPATH\Views\pages\backend\buku.php(66): CodeIgniter\Debug\Exceptions->errorHandler(8, 'Undefined index: id_buku', 'C:\\xampp\\htdocs\\si-perpus\\app\\Views\\pages\\backend\\buku.php', 66, [...])
 2 SYSTEMPATH\View\View.php(228): include('C:\\xampp\\htdocs\\si-perpus\\app\\Views\\pages\\backend\\buku.php')
 3 SYSTEMPATH\View\View.php(231): CodeIgniter\View\View->CodeIgniter\View\{closure}()
 4 SYSTEMPATH\Common.php(1178): CodeIgniter\View\View->render('pages/backend/buku', [], true)
 5 APPPATH\Controllers\admin\Buku.php(24): view('pages/backend/buku', [...])
 6 SYSTEMPATH\CodeIgniter.php(941): App\Controllers\admin\Buku->index()
 7 SYSTEMPATH\CodeIgniter.php(502): CodeIgniter\CodeIgniter->runController(Object(App\Controllers\admin\Buku))
 8 SYSTEMPATH\CodeIgniter.php(361): CodeIgniter\CodeIgniter->handleRequest(null, Object(Config\Cache), false)
 9 FCPATH\index.php(79): CodeIgniter\CodeIgniter->run()
CRITICAL - 2024-03-17 03:40:02 --> ErrorException: Undefined index: id_buku
in APPPATH\Views\pages\backend\buku.php on line 66.
 1 APPPATH\Views\pages\backend\buku.php(66): CodeIgniter\Debug\Exceptions->errorHandler(8, 'Undefined index: id_buku', 'C:\\xampp\\htdocs\\si-perpus\\app\\Views\\pages\\backend\\buku.php', 66, [...])
 2 SYSTEMPATH\View\View.php(228): include('C:\\xampp\\htdocs\\si-perpus\\app\\Views\\pages\\backend\\buku.php')
 3 SYSTEMPATH\View\View.php(231): CodeIgniter\View\View->CodeIgniter\View\{closure}()
 4 SYSTEMPATH\Common.php(1178): CodeIgniter\View\View->render('pages/backend/buku', [], true)
 5 APPPATH\Controllers\admin\Buku.php(24): view('pages/backend/buku', [...])
 6 SYSTEMPATH\CodeIgniter.php(941): App\Controllers\admin\Buku->index()
 7 SYSTEMPATH\CodeIgniter.php(502): CodeIgniter\CodeIgniter->runController(Object(App\Controllers\admin\Buku))
 8 SYSTEMPATH\CodeIgniter.php(361): CodeIgniter\CodeIgniter->handleRequest(null, Object(Config\Cache), false)
 9 FCPATH\index.php(79): CodeIgniter\CodeIgniter->run()
CRITICAL - 2024-03-17 03:40:14 --> ErrorException: Undefined index: id_buku
in APPPATH\Views\pages\backend\buku.php on line 66.
 1 APPPATH\Views\pages\backend\buku.php(66): CodeIgniter\Debug\Exceptions->errorHandler(8, 'Undefined index: id_buku', 'C:\\xampp\\htdocs\\si-perpus\\app\\Views\\pages\\backend\\buku.php', 66, [...])
 2 SYSTEMPATH\View\View.php(228): include('C:\\xampp\\htdocs\\si-perpus\\app\\Views\\pages\\backend\\buku.php')
 3 SYSTEMPATH\View\View.php(231): CodeIgniter\View\View->CodeIgniter\View\{closure}()
 4 SYSTEMPATH\Common.php(1178): CodeIgniter\View\View->render('pages/backend/buku', [], true)
 5 APPPATH\Controllers\admin\Buku.php(24): view('pages/backend/buku', [...])
 6 SYSTEMPATH\CodeIgniter.php(941): App\Controllers\admin\Buku->index()
 7 SYSTEMPATH\CodeIgniter.php(502): CodeIgniter\CodeIgniter->runController(Object(App\Controllers\admin\Buku))
 8 SYSTEMPATH\CodeIgniter.php(361): CodeIgniter\CodeIgniter->handleRequest(null, Object(Config\Cache), false)
 9 FCPATH\index.php(79): CodeIgniter\CodeIgniter->run()
CRITICAL - 2024-03-17 03:40:21 --> ErrorException: Undefined variable: key
in APPPATH\Views\pages\backend\buku.php on line 66.
 1 APPPATH\Views\pages\backend\buku.php(66): CodeIgniter\Debug\Exceptions->errorHandler(8, 'Undefined variable: key', 'C:\\xampp\\htdocs\\si-perpus\\app\\Views\\pages\\backend\\buku.php', 66, [...])
 2 SYSTEMPATH\View\View.php(228): include('C:\\xampp\\htdocs\\si-perpus\\app\\Views\\pages\\backend\\buku.php')
 3 SYSTEMPATH\View\View.php(231): CodeIgniter\View\View->CodeIgniter\View\{closure}()
 4 SYSTEMPATH\Common.php(1178): CodeIgniter\View\View->render('pages/backend/buku', [], true)
 5 APPPATH\Controllers\admin\Buku.php(24): view('pages/backend/buku', [...])
 6 SYSTEMPATH\CodeIgniter.php(941): App\Controllers\admin\Buku->index()
 7 SYSTEMPATH\CodeIgniter.php(502): CodeIgniter\CodeIgniter->runController(Object(App\Controllers\admin\Buku))
 8 SYSTEMPATH\CodeIgniter.php(361): CodeIgniter\CodeIgniter->handleRequest(null, Object(Config\Cache), false)
 9 FCPATH\index.php(79): CodeIgniter\CodeIgniter->run()
CRITICAL - 2024-03-17 03:41:16 --> ErrorException: Undefined variable: key
in APPPATH\Views\pages\backend\buku.php on line 66.
 1 APPPATH\Views\pages\backend\buku.php(66): CodeIgniter\Debug\Exceptions->errorHandler(8, 'Undefined variable: key', 'C:\\xampp\\htdocs\\si-perpus\\app\\Views\\pages\\backend\\buku.php', 66, [...])
 2 SYSTEMPATH\View\View.php(228): include('C:\\xampp\\htdocs\\si-perpus\\app\\Views\\pages\\backend\\buku.php')
 3 SYSTEMPATH\View\View.php(231): CodeIgniter\View\View->CodeIgniter\View\{closure}()
 4 SYSTEMPATH\Common.php(1178): CodeIgniter\View\View->render('pages/backend/buku', [], true)
 5 APPPATH\Controllers\admin\Buku.php(24): view('pages/backend/buku', [...])
 6 SYSTEMPATH\CodeIgniter.php(941): App\Controllers\admin\Buku->index()
 7 SYSTEMPATH\CodeIgniter.php(502): CodeIgniter\CodeIgniter->runController(Object(App\Controllers\admin\Buku))
 8 SYSTEMPATH\CodeIgniter.php(361): CodeIgniter\CodeIgniter->handleRequest(null, Object(Config\Cache), false)
 9 FCPATH\index.php(79): CodeIgniter\CodeIgniter->run()
CRITICAL - 2024-03-17 03:43:45 --> ErrorException: Undefined variable: key
in APPPATH\Views\pages\backend\buku.php on line 66.
 1 APPPATH\Views\pages\backend\buku.php(66): CodeIgniter\Debug\Exceptions->errorHandler(8, 'Undefined variable: key', 'C:\\xampp\\htdocs\\si-perpus\\app\\Views\\pages\\backend\\buku.php', 66, [...])
 2 SYSTEMPATH\View\View.php(228): include('C:\\xampp\\htdocs\\si-perpus\\app\\Views\\pages\\backend\\buku.php')
 3 SYSTEMPATH\View\View.php(231): CodeIgniter\View\View->CodeIgniter\View\{closure}()
 4 SYSTEMPATH\Common.php(1178): CodeIgniter\View\View->render('pages/backend/buku', [], true)
 5 APPPATH\Controllers\admin\Buku.php(24): view('pages/backend/buku', [...])
 6 SYSTEMPATH\CodeIgniter.php(941): App\Controllers\admin\Buku->index()
 7 SYSTEMPATH\CodeIgniter.php(502): CodeIgniter\CodeIgniter->runController(Object(App\Controllers\admin\Buku))
 8 SYSTEMPATH\CodeIgniter.php(361): CodeIgniter\CodeIgniter->handleRequest(null, Object(Config\Cache), false)
 9 FCPATH\index.php(79): CodeIgniter\CodeIgniter->run()
