CRITICAL - 2024-03-06 12:10:24 --> ErrorException: Undefined index: cover
in APPPATH\Views\pages\backend\buku.php on line 34.
 1 APPPATH\Views\pages\backend\buku.php(34): CodeIgniter\Debug\Exceptions->errorHandler(8, 'Undefined index: cover', 'C:\\xampp\\htdocs\\si-perpus\\app\\Views\\pages\\backend\\buku.php', 34, [...])
 2 SYSTEMPATH\View\View.php(228): include('C:\\xampp\\htdocs\\si-perpus\\app\\Views\\pages\\backend\\buku.php')
 3 SYSTEMPATH\View\View.php(231): CodeIgniter\View\View->CodeIgniter\View\{closure}()
 4 SYSTEMPATH\Common.php(1178): CodeIgniter\View\View->render('pages/backend/buku', [], true)
 5 APPPATH\Controllers\admin\Buku.php(24): view('pages/backend/buku', [...])
 6 SYSTEMPATH\CodeIgniter.php(941): App\Controllers\admin\Buku->index()
 7 SYSTEMPATH\CodeIgniter.php(502): CodeIgniter\CodeIgniter->runController(Object(App\Controllers\admin\Buku))
 8 SYSTEMPATH\CodeIgniter.php(361): CodeIgniter\CodeIgniter->handleRequest(null, Object(Config\Cache), false)
 9 FCPATH\index.php(79): CodeIgniter\CodeIgniter->run()
ERROR - 2024-03-06 12:43:46 --> mysqli_sql_exception: Unknown column 'date' in 'order clause' in C:\xampp\htdocs\si-perpus\system\Database\MySQLi\Connection.php:306
Stack trace:
#0 C:\xampp\htdocs\si-perpus\system\Database\MySQLi\Connection.php(306): mysqli->query('SELECT *\nFROM `...', 0)
#1 C:\xampp\htdocs\si-perpus\system\Database\BaseConnection.php(693): CodeIgniter\Database\MySQLi\Connection->execute('SELECT *\nFROM `...')
#2 C:\xampp\htdocs\si-perpus\system\Database\BaseConnection.php(607): CodeIgniter\Database\BaseConnection->simpleQuery('SELECT *\nFROM `...')
#3 C:\xampp\htdocs\si-perpus\system\Database\BaseBuilder.php(1613): CodeIgniter\Database\BaseConnection->query('SELECT *\nFROM `...', Array, false)
#4 C:\xampp\htdocs\si-perpus\system\Model.php(202): CodeIgniter\Database\BaseBuilder->get()
#5 C:\xampp\htdocs\si-perpus\system\BaseModel.php(577): CodeIgniter\Model->doFind(false, NULL)
#6 C:\xampp\htdocs\si-perpus\app\Controllers\Home.php(16): CodeIgniter\BaseModel->find()
#7 C:\xampp\htdocs\si-perpus\system\CodeIgniter.php(941): App\Controllers\Home->index()
#8 C:\xampp\htdocs\si-perpus\system\CodeIgniter.php(502): CodeIgniter\CodeIgniter->runController(Object(App\Controllers\Home))
#9 C:\xampp\htdocs\si-perpus\system\CodeIgniter.php(361): CodeIgniter\CodeIgniter->handleRequest(NULL, Object(Config\Cache), false)
#10 C:\xampp\htdocs\si-perpus\public\index.php(79): CodeIgniter\CodeIgniter->run()
#11 {main}
CRITICAL - 2024-03-06 12:43:46 --> CodeIgniter\Database\Exceptions\DatabaseException: Unknown column 'date' in 'order clause'
in SYSTEMPATH\Database\BaseConnection.php on line 647.
 1 SYSTEMPATH\Database\BaseBuilder.php(1613): CodeIgniter\Database\BaseConnection->query('SELECT *
FROM `tbl_buku`
ORDER BY `date` DESC
 LIMIT 4', [], false)
 2 SYSTEMPATH\Model.php(202): CodeIgniter\Database\BaseBuilder->get()
 3 SYSTEMPATH\BaseModel.php(577): CodeIgniter\Model->doFind(false, null)
 4 APPPATH\Controllers\Home.php(16): CodeIgniter\BaseModel->find()
 5 SYSTEMPATH\CodeIgniter.php(941): App\Controllers\Home->index()
 6 SYSTEMPATH\CodeIgniter.php(502): CodeIgniter\CodeIgniter->runController(Object(App\Controllers\Home))
 7 SYSTEMPATH\CodeIgniter.php(361): CodeIgniter\CodeIgniter->handleRequest(null, Object(Config\Cache), false)
 8 FCPATH\index.php(79): CodeIgniter\CodeIgniter->run()
CRITICAL - 2024-03-06 12:43:46 --> [Caused by] CodeIgniter\Database\Exceptions\DatabaseException: Unknown column 'date' in 'order clause'
in SYSTEMPATH\Database\MySQLi\Connection.php on line 311.
 1 SYSTEMPATH\Database\BaseConnection.php(693): CodeIgniter\Database\MySQLi\Connection->execute('SELECT *
FROM `tbl_buku`
ORDER BY `date` DESC
 LIMIT 4')
 2 SYSTEMPATH\Database\BaseConnection.php(607): CodeIgniter\Database\BaseConnection->simpleQuery('SELECT *
FROM `tbl_buku`
ORDER BY `date` DESC
 LIMIT 4')
 3 SYSTEMPATH\Database\BaseBuilder.php(1613): CodeIgniter\Database\BaseConnection->query('SELECT *
FROM `tbl_buku`
ORDER BY `date` DESC
 LIMIT 4', [], false)
 4 SYSTEMPATH\Model.php(202): CodeIgniter\Database\BaseBuilder->get()
 5 SYSTEMPATH\BaseModel.php(577): CodeIgniter\Model->doFind(false, null)
 6 APPPATH\Controllers\Home.php(16): CodeIgniter\BaseModel->find()
 7 SYSTEMPATH\CodeIgniter.php(941): App\Controllers\Home->index()
 8 SYSTEMPATH\CodeIgniter.php(502): CodeIgniter\CodeIgniter->runController(Object(App\Controllers\Home))
 9 SYSTEMPATH\CodeIgniter.php(361): CodeIgniter\CodeIgniter->handleRequest(null, Object(Config\Cache), false)
10 FCPATH\index.php(79): CodeIgniter\CodeIgniter->run()
CRITICAL - 2024-03-06 12:43:46 --> [Caused by] mysqli_sql_exception: Unknown column 'date' in 'order clause'
in SYSTEMPATH\Database\MySQLi\Connection.php on line 306.
 1 SYSTEMPATH\Database\MySQLi\Connection.php(306): mysqli->query('SELECT *
FROM `tbl_buku`
ORDER BY `date` DESC
 LIMIT 4', 0)
 2 SYSTEMPATH\Database\BaseConnection.php(693): CodeIgniter\Database\MySQLi\Connection->execute('SELECT *
FROM `tbl_buku`
ORDER BY `date` DESC
 LIMIT 4')
 3 SYSTEMPATH\Database\BaseConnection.php(607): CodeIgniter\Database\BaseConnection->simpleQuery('SELECT *
FROM `tbl_buku`
ORDER BY `date` DESC
 LIMIT 4')
 4 SYSTEMPATH\Database\BaseBuilder.php(1613): CodeIgniter\Database\BaseConnection->query('SELECT *
FROM `tbl_buku`
ORDER BY `date` DESC
 LIMIT 4', [], false)
 5 SYSTEMPATH\Model.php(202): CodeIgniter\Database\BaseBuilder->get()
 6 SYSTEMPATH\BaseModel.php(577): CodeIgniter\Model->doFind(false, null)
 7 APPPATH\Controllers\Home.php(16): CodeIgniter\BaseModel->find()
 8 SYSTEMPATH\CodeIgniter.php(941): App\Controllers\Home->index()
 9 SYSTEMPATH\CodeIgniter.php(502): CodeIgniter\CodeIgniter->runController(Object(App\Controllers\Home))
10 SYSTEMPATH\CodeIgniter.php(361): CodeIgniter\CodeIgniter->handleRequest(null, Object(Config\Cache), false)
11 FCPATH\index.php(79): CodeIgniter\CodeIgniter->run()
CRITICAL - 2024-03-06 12:52:08 --> ErrorException: Trying to access array offset on value of type null
in APPPATH\Controllers\speminjaman.php on line 45.
 1 APPPATH\Controllers\speminjaman.php(45): CodeIgniter\Debug\Exceptions->errorHandler(8, 'Trying to access array offset on value of type null', 'C:\\xampp\\htdocs\\si-perpus\\app\\Controllers\\speminjaman.php', 45, [...])
 2 SYSTEMPATH\CodeIgniter.php(941): App\Controllers\speminjaman->index()
 3 SYSTEMPATH\CodeIgniter.php(502): CodeIgniter\CodeIgniter->runController(Object(App\Controllers\speminjaman))
 4 SYSTEMPATH\CodeIgniter.php(361): CodeIgniter\CodeIgniter->handleRequest(null, Object(Config\Cache), false)
 5 FCPATH\index.php(79): CodeIgniter\CodeIgniter->run()
CRITICAL - 2024-03-06 12:52:09 --> ErrorException: Trying to access array offset on value of type null
in APPPATH\Controllers\speminjaman.php on line 45.
 1 APPPATH\Controllers\speminjaman.php(45): CodeIgniter\Debug\Exceptions->errorHandler(8, 'Trying to access array offset on value of type null', 'C:\\xampp\\htdocs\\si-perpus\\app\\Controllers\\speminjaman.php', 45, [...])
 2 SYSTEMPATH\CodeIgniter.php(941): App\Controllers\speminjaman->index()
 3 SYSTEMPATH\CodeIgniter.php(502): CodeIgniter\CodeIgniter->runController(Object(App\Controllers\speminjaman))
 4 SYSTEMPATH\CodeIgniter.php(361): CodeIgniter\CodeIgniter->handleRequest(null, Object(Config\Cache), false)
 5 FCPATH\index.php(79): CodeIgniter\CodeIgniter->run()
