CRITICAL - 2024-05-08 11:48:40 --> ErrorException: Trying to access array offset on value of type null
in APPPATH\Controllers\admin\Buku.php on line 193.
 1 APPPATH\Controllers\admin\Buku.php(193): CodeIgniter\Debug\Exceptions->errorHandler(8, 'Trying to access array offset on value of type null', 'C:\\xampp\\htdocs\\si-perpus\\app\\Controllers\\admin\\Buku.php', 193, [...])
 2 SYSTEMPATH\CodeIgniter.php(941): App\Controllers\admin\Buku->delete('2')
 3 SYSTEMPATH\CodeIgniter.php(502): CodeIgniter\CodeIgniter->runController(Object(App\Controllers\admin\Buku))
 4 SYSTEMPATH\CodeIgniter.php(361): CodeIgniter\CodeIgniter->handleRequest(null, Object(Config\Cache), false)
 5 FCPATH\index.php(79): CodeIgniter\CodeIgniter->run()
CRITICAL - 2024-05-08 11:48:51 --> ErrorException: Trying to access array offset on value of type null
in APPPATH\Controllers\admin\Buku.php on line 193.
 1 APPPATH\Controllers\admin\Buku.php(193): CodeIgniter\Debug\Exceptions->errorHandler(8, 'Trying to access array offset on value of type null', 'C:\\xampp\\htdocs\\si-perpus\\app\\Controllers\\admin\\Buku.php', 193, [...])
 2 SYSTEMPATH\CodeIgniter.php(941): App\Controllers\admin\Buku->delete('2')
 3 SYSTEMPATH\CodeIgniter.php(502): CodeIgniter\CodeIgniter->runController(Object(App\Controllers\admin\Buku))
 4 SYSTEMPATH\CodeIgniter.php(361): CodeIgniter\CodeIgniter->handleRequest(null, Object(Config\Cache), false)
 5 FCPATH\index.php(79): CodeIgniter\CodeIgniter->run()
CRITICAL - 2024-05-08 12:12:33 --> ErrorException: unlink(C:\xampp\htdocs\si-perpus\writable\debugbar/debugbar_1714641629.374990.json): No such file or directory
in SYSTEMPATH\Debug\Toolbar\Collectors\History.php on line 80.
 1 [internal function]: CodeIgniter\Debug\Exceptions->errorHandler(2, 'unlink(C:\\xampp\\htdocs\\si-perpus\\writable\\debugbar/debugbar_1714641629.374990.json): No such file or directory', 'C:\\xampp\\htdocs\\si-perpus\\system\\Debug\\Toolbar\\Collectors\\History.php', 80, [...])
 2 SYSTEMPATH\Debug\Toolbar\Collectors\History.php(80): unlink('C:\\xampp\\htdocs\\si-perpus\\writable\\debugbar/debugbar_1714641629.374990.json')
 3 SYSTEMPATH\Debug\Toolbar.php(498): CodeIgniter\Debug\Toolbar\Collectors\History->setFiles('1715170348.671602', 20)
 4 SYSTEMPATH\Debug\Toolbar.php(475): CodeIgniter\Debug\Toolbar->format([...], 'html')
 5 APPPATH\Config\Events.php(47): CodeIgniter\Debug\Toolbar->respond()
 6 SYSTEMPATH\Events\Events.php(154): CodeIgniter\Events\Events::Config\{closure}()
 7 SYSTEMPATH\CodeIgniter.php(442): CodeIgniter\Events\Events::trigger('pre_system')
 8 SYSTEMPATH\CodeIgniter.php(361): CodeIgniter\CodeIgniter->handleRequest(null, Object(Config\Cache), false)
 9 FCPATH\index.php(79): CodeIgniter\CodeIgniter->run()
