CRITICAL - 2024-04-01 03:50:43 --> ParseError: syntax error, unexpected ' ' (T_STRING), expecting ';' or ','
in APPPATH\Views\pages\backend\buku.php on line 63.
 1 SYSTEMPATH\View\View.php(231): CodeIgniter\View\View->CodeIgniter\View\{closure}()
 2 SYSTEMPATH\Common.php(1178): CodeIgniter\View\View->render('pages/backend/buku', [], true)
 3 APPPATH\Controllers\admin\Buku.php(23): view('pages/backend/buku', [...])
 4 SYSTEMPATH\CodeIgniter.php(941): App\Controllers\admin\Buku->index()
 5 SYSTEMPATH\CodeIgniter.php(502): CodeIgniter\CodeIgniter->runController(Object(App\Controllers\admin\Buku))
 6 SYSTEMPATH\CodeIgniter.php(361): CodeIgniter\CodeIgniter->handleRequest(null, Object(Config\Cache), false)
 7 FCPATH\index.php(79): CodeIgniter\CodeIgniter->run()
CRITICAL - 2024-04-01 03:55:49 --> ErrorException: Trying to get property 'id_kategori' of non-object
in APPPATH\Views\pages\backend\buku\tambah.php on line 36.
 1 APPPATH\Views\pages\backend\buku\tambah.php(36): CodeIgniter\Debug\Exceptions->errorHandler(8, 'Trying to get property \'id_kategori\' of non-object', 'C:\\xampp\\htdocs\\si-perpus\\app\\Views\\pages\\backend\\buku\\tambah.php', 36, [...])
 2 SYSTEMPATH\View\View.php(228): include('C:\\xampp\\htdocs\\si-perpus\\app\\Views\\pages\\backend\\buku\\tambah.php')
 3 SYSTEMPATH\View\View.php(231): CodeIgniter\View\View->CodeIgniter\View\{closure}()
 4 SYSTEMPATH\Common.php(1178): CodeIgniter\View\View->render('pages/backend/buku/tambah', [], true)
 5 APPPATH\Controllers\admin\Buku.php(29): view('pages/backend/buku/tambah', [...])
 6 SYSTEMPATH\CodeIgniter.php(941): App\Controllers\admin\Buku->tambah()
 7 SYSTEMPATH\CodeIgniter.php(502): CodeIgniter\CodeIgniter->runController(Object(App\Controllers\admin\Buku))
 8 SYSTEMPATH\CodeIgniter.php(361): CodeIgniter\CodeIgniter->handleRequest(null, Object(Config\Cache), false)
 9 FCPATH\index.php(79): CodeIgniter\CodeIgniter->run()
CRITICAL - 2024-04-01 04:02:38 --> Error: Call to a member function Result() on array
in APPPATH\Views\pages\backend\buku\tambah.php on line 35.
 1 SYSTEMPATH\View\View.php(228): include()
 2 SYSTEMPATH\View\View.php(231): CodeIgniter\View\View->CodeIgniter\View\{closure}()
 3 SYSTEMPATH\Common.php(1178): CodeIgniter\View\View->render('pages/backend/buku/tambah', [], true)
 4 APPPATH\Controllers\admin\Buku.php(29): view('pages/backend/buku/tambah', [...])
 5 SYSTEMPATH\CodeIgniter.php(941): App\Controllers\admin\Buku->tambah()
 6 SYSTEMPATH\CodeIgniter.php(502): CodeIgniter\CodeIgniter->runController(Object(App\Controllers\admin\Buku))
 7 SYSTEMPATH\CodeIgniter.php(361): CodeIgniter\CodeIgniter->handleRequest(null, Object(Config\Cache), false)
 8 FCPATH\index.php(79): CodeIgniter\CodeIgniter->run()
CRITICAL - 2024-04-01 04:13:08 --> ParseError: syntax error, unexpected '$key' (T_VARIABLE)
in APPPATH\Views\pages\backend\buku\tambah.php on line 35.
 1 SYSTEMPATH\View\View.php(231): CodeIgniter\View\View->CodeIgniter\View\{closure}()
 2 SYSTEMPATH\Common.php(1178): CodeIgniter\View\View->render('pages/backend/buku/tambah', [], true)
 3 APPPATH\Controllers\admin\Buku.php(29): view('pages/backend/buku/tambah', [...])
 4 SYSTEMPATH\CodeIgniter.php(941): App\Controllers\admin\Buku->tambah()
 5 SYSTEMPATH\CodeIgniter.php(502): CodeIgniter\CodeIgniter->runController(Object(App\Controllers\admin\Buku))
 6 SYSTEMPATH\CodeIgniter.php(361): CodeIgniter\CodeIgniter->handleRequest(null, Object(Config\Cache), false)
 7 FCPATH\index.php(79): CodeIgniter\CodeIgniter->run()
CRITICAL - 2024-04-01 04:13:23 --> ErrorException: Trying to get property 'id_kategori' of non-object
in APPPATH\Views\pages\backend\buku\tambah.php on line 36.
 1 APPPATH\Views\pages\backend\buku\tambah.php(36): CodeIgniter\Debug\Exceptions->errorHandler(8, 'Trying to get property \'id_kategori\' of non-object', 'C:\\xampp\\htdocs\\si-perpus\\app\\Views\\pages\\backend\\buku\\tambah.php', 36, [...])
 2 SYSTEMPATH\View\View.php(228): include('C:\\xampp\\htdocs\\si-perpus\\app\\Views\\pages\\backend\\buku\\tambah.php')
 3 SYSTEMPATH\View\View.php(231): CodeIgniter\View\View->CodeIgniter\View\{closure}()
 4 SYSTEMPATH\Common.php(1178): CodeIgniter\View\View->render('pages/backend/buku/tambah', [], true)
 5 APPPATH\Controllers\admin\Buku.php(29): view('pages/backend/buku/tambah', [...])
 6 SYSTEMPATH\CodeIgniter.php(941): App\Controllers\admin\Buku->tambah()
 7 SYSTEMPATH\CodeIgniter.php(502): CodeIgniter\CodeIgniter->runController(Object(App\Controllers\admin\Buku))
 8 SYSTEMPATH\CodeIgniter.php(361): CodeIgniter\CodeIgniter->handleRequest(null, Object(Config\Cache), false)
 9 FCPATH\index.php(79): CodeIgniter\CodeIgniter->run()
CRITICAL - 2024-04-01 04:16:15 --> Error: Call to a member function data_buku() on null
in APPPATH\Controllers\admin\Buku.php on line 171.
 1 SYSTEMPATH\CodeIgniter.php(941): App\Controllers\admin\Buku->delete('25')
 2 SYSTEMPATH\CodeIgniter.php(502): CodeIgniter\CodeIgniter->runController(Object(App\Controllers\admin\Buku))
 3 SYSTEMPATH\CodeIgniter.php(361): CodeIgniter\CodeIgniter->handleRequest(null, Object(Config\Cache), false)
 4 FCPATH\index.php(79): CodeIgniter\CodeIgniter->run()
CRITICAL - 2024-04-01 04:17:46 --> ErrorException: Undefined variable: Kategori
in APPPATH\Views\pages\backend\buku\tambah.php on line 35.
 1 APPPATH\Views\pages\backend\buku\tambah.php(35): CodeIgniter\Debug\Exceptions->errorHandler(8, 'Undefined variable: Kategori', 'C:\\xampp\\htdocs\\si-perpus\\app\\Views\\pages\\backend\\buku\\tambah.php', 35, [...])
 2 SYSTEMPATH\View\View.php(228): include('C:\\xampp\\htdocs\\si-perpus\\app\\Views\\pages\\backend\\buku\\tambah.php')
 3 SYSTEMPATH\View\View.php(231): CodeIgniter\View\View->CodeIgniter\View\{closure}()
 4 SYSTEMPATH\Common.php(1178): CodeIgniter\View\View->render('pages/backend/buku/tambah', [], true)
 5 APPPATH\Controllers\admin\Buku.php(29): view('pages/backend/buku/tambah', [...])
 6 SYSTEMPATH\CodeIgniter.php(941): App\Controllers\admin\Buku->tambah()
 7 SYSTEMPATH\CodeIgniter.php(502): CodeIgniter\CodeIgniter->runController(Object(App\Controllers\admin\Buku))
 8 SYSTEMPATH\CodeIgniter.php(361): CodeIgniter\CodeIgniter->handleRequest(null, Object(Config\Cache), false)
 9 FCPATH\index.php(79): CodeIgniter\CodeIgniter->run()
CRITICAL - 2024-04-01 04:18:02 --> ErrorException: Trying to get property 'id_kategori' of non-object
in APPPATH\Views\pages\backend\buku\tambah.php on line 36.
 1 APPPATH\Views\pages\backend\buku\tambah.php(36): CodeIgniter\Debug\Exceptions->errorHandler(8, 'Trying to get property \'id_kategori\' of non-object', 'C:\\xampp\\htdocs\\si-perpus\\app\\Views\\pages\\backend\\buku\\tambah.php', 36, [...])
 2 SYSTEMPATH\View\View.php(228): include('C:\\xampp\\htdocs\\si-perpus\\app\\Views\\pages\\backend\\buku\\tambah.php')
 3 SYSTEMPATH\View\View.php(231): CodeIgniter\View\View->CodeIgniter\View\{closure}()
 4 SYSTEMPATH\Common.php(1178): CodeIgniter\View\View->render('pages/backend/buku/tambah', [], true)
 5 APPPATH\Controllers\admin\Buku.php(29): view('pages/backend/buku/tambah', [...])
 6 SYSTEMPATH\CodeIgniter.php(941): App\Controllers\admin\Buku->tambah()
 7 SYSTEMPATH\CodeIgniter.php(502): CodeIgniter\CodeIgniter->runController(Object(App\Controllers\admin\Buku))
 8 SYSTEMPATH\CodeIgniter.php(361): CodeIgniter\CodeIgniter->handleRequest(null, Object(Config\Cache), false)
 9 FCPATH\index.php(79): CodeIgniter\CodeIgniter->run()
ERROR - 2024-04-01 04:19:24 --> mysqli_sql_exception: Cannot add or update a child row: a foreign key constraint fails (`perpustakaan`.`tbl_buku`, CONSTRAINT `tbl_buku_ibfk_2` FOREIGN KEY (`id_rak`) REFERENCES `tbl_rak` (`id_rak`)) in C:\xampp\htdocs\si-perpus\system\Database\MySQLi\Connection.php:306
Stack trace:
#0 C:\xampp\htdocs\si-perpus\system\Database\MySQLi\Connection.php(306): mysqli->query('INSERT INTO `tb...', 0)
#1 C:\xampp\htdocs\si-perpus\system\Database\BaseConnection.php(693): CodeIgniter\Database\MySQLi\Connection->execute('INSERT INTO `tb...')
#2 C:\xampp\htdocs\si-perpus\system\Database\BaseConnection.php(607): CodeIgniter\Database\BaseConnection->simpleQuery('INSERT INTO `tb...')
#3 C:\xampp\htdocs\si-perpus\system\Database\BaseBuilder.php(2302): CodeIgniter\Database\BaseConnection->query('INSERT INTO `tb...', Array, false)
#4 C:\xampp\htdocs\si-perpus\system\Model.php(326): CodeIgniter\Database\BaseBuilder->insert()
#5 C:\xampp\htdocs\si-perpus\system\BaseModel.php(802): CodeIgniter\Model->doInsert(Array)
#6 C:\xampp\htdocs\si-perpus\system\Model.php(744): CodeIgniter\BaseModel->insert(Array, false)
#7 C:\xampp\htdocs\si-perpus\system\BaseModel.php(713): CodeIgniter\Model->insert(Array, false)
#8 C:\xampp\htdocs\si-perpus\app\Controllers\admin\Buku.php(88): CodeIgniter\BaseModel->save(Array)
#9 C:\xampp\htdocs\si-perpus\system\CodeIgniter.php(941): App\Controllers\admin\Buku->simpan()
#10 C:\xampp\htdocs\si-perpus\system\CodeIgniter.php(502): CodeIgniter\CodeIgniter->runController(Object(App\Controllers\admin\Buku))
#11 C:\xampp\htdocs\si-perpus\system\CodeIgniter.php(361): CodeIgniter\CodeIgniter->handleRequest(NULL, Object(Config\Cache), false)
#12 C:\xampp\htdocs\si-perpus\public\index.php(79): CodeIgniter\CodeIgniter->run()
#13 {main}
CRITICAL - 2024-04-01 04:19:24 --> CodeIgniter\Database\Exceptions\DatabaseException: Cannot add or update a child row: a foreign key constraint fails (`perpustakaan`.`tbl_buku`, CONSTRAINT `tbl_buku_ibfk_2` FOREIGN KEY (`id_rak`) REFERENCES `tbl_rak` (`id_rak`))
in SYSTEMPATH\Database\BaseConnection.php on line 647.
 1 SYSTEMPATH\Database\BaseBuilder.php(2302): CodeIgniter\Database\BaseConnection->query('INSERT INTO `tbl_buku` (`judul`, `pengarang`, `penerbit`, `tahun_terbit`, `ringkasan_buku`, `jumlah_salinan_tersedia`, `cover_buku`) VALUES (:judul:, :pengarang:, :penerbit:, :tahun_terbit:, :ringkasan_buku:, :jumlah_salinan_tersedia:, :cover_buku:)', [...], false)
 2 SYSTEMPATH\Model.php(326): CodeIgniter\Database\BaseBuilder->insert()
 3 SYSTEMPATH\BaseModel.php(802): CodeIgniter\Model->doInsert([...])
 4 SYSTEMPATH\Model.php(744): CodeIgniter\BaseModel->insert([...], false)
 5 SYSTEMPATH\BaseModel.php(713): CodeIgniter\Model->insert([...], false)
 6 APPPATH\Controllers\admin\Buku.php(88): CodeIgniter\BaseModel->save([...])
 7 SYSTEMPATH\CodeIgniter.php(941): App\Controllers\admin\Buku->simpan()
 8 SYSTEMPATH\CodeIgniter.php(502): CodeIgniter\CodeIgniter->runController(Object(App\Controllers\admin\Buku))
 9 SYSTEMPATH\CodeIgniter.php(361): CodeIgniter\CodeIgniter->handleRequest(null, Object(Config\Cache), false)
10 FCPATH\index.php(79): CodeIgniter\CodeIgniter->run()
CRITICAL - 2024-04-01 04:19:24 --> [Caused by] CodeIgniter\Database\Exceptions\DatabaseException: Cannot add or update a child row: a foreign key constraint fails (`perpustakaan`.`tbl_buku`, CONSTRAINT `tbl_buku_ibfk_2` FOREIGN KEY (`id_rak`) REFERENCES `tbl_rak` (`id_rak`))
in SYSTEMPATH\Database\MySQLi\Connection.php on line 311.
 1 SYSTEMPATH\Database\BaseConnection.php(693): CodeIgniter\Database\MySQLi\Connection->execute('INSERT INTO `tbl_buku` (`judul`, `pengarang`, `penerbit`, `tahun_terbit`, `ringkasan_buku`, `jumlah_salinan_tersedia`, `cover_buku`) VALUES (\'asdasdasd\', \'asdasdas\', \'sdfsdf\', \'3242\', \'asbdasbwqa ae qwwq\', \'21\', \'Picture3.png\')')
 2 SYSTEMPATH\Database\BaseConnection.php(607): CodeIgniter\Database\BaseConnection->simpleQuery('INSERT INTO `tbl_buku` (`judul`, `pengarang`, `penerbit`, `tahun_terbit`, `ringkasan_buku`, `jumlah_salinan_tersedia`, `cover_buku`) VALUES (\'asdasdasd\', \'asdasdas\', \'sdfsdf\', \'3242\', \'asbdasbwqa ae qwwq\', \'21\', \'Picture3.png\')')
 3 SYSTEMPATH\Database\BaseBuilder.php(2302): CodeIgniter\Database\BaseConnection->query('INSERT INTO `tbl_buku` (`judul`, `pengarang`, `penerbit`, `tahun_terbit`, `ringkasan_buku`, `jumlah_salinan_tersedia`, `cover_buku`) VALUES (:judul:, :pengarang:, :penerbit:, :tahun_terbit:, :ringkasan_buku:, :jumlah_salinan_tersedia:, :cover_buku:)', [...], false)
 4 SYSTEMPATH\Model.php(326): CodeIgniter\Database\BaseBuilder->insert()
 5 SYSTEMPATH\BaseModel.php(802): CodeIgniter\Model->doInsert([...])
 6 SYSTEMPATH\Model.php(744): CodeIgniter\BaseModel->insert([...], false)
 7 SYSTEMPATH\BaseModel.php(713): CodeIgniter\Model->insert([...], false)
 8 APPPATH\Controllers\admin\Buku.php(88): CodeIgniter\BaseModel->save([...])
 9 SYSTEMPATH\CodeIgniter.php(941): App\Controllers\admin\Buku->simpan()
10 SYSTEMPATH\CodeIgniter.php(502): CodeIgniter\CodeIgniter->runController(Object(App\Controllers\admin\Buku))
11 SYSTEMPATH\CodeIgniter.php(361): CodeIgniter\CodeIgniter->handleRequest(null, Object(Config\Cache), false)
12 FCPATH\index.php(79): CodeIgniter\CodeIgniter->run()
CRITICAL - 2024-04-01 04:19:24 --> [Caused by] mysqli_sql_exception: Cannot add or update a child row: a foreign key constraint fails (`perpustakaan`.`tbl_buku`, CONSTRAINT `tbl_buku_ibfk_2` FOREIGN KEY (`id_rak`) REFERENCES `tbl_rak` (`id_rak`))
in SYSTEMPATH\Database\MySQLi\Connection.php on line 306.
 1 SYSTEMPATH\Database\MySQLi\Connection.php(306): mysqli->query('INSERT INTO `tbl_buku` (`judul`, `pengarang`, `penerbit`, `tahun_terbit`, `ringkasan_buku`, `jumlah_salinan_tersedia`, `cover_buku`) VALUES (\'asdasdasd\', \'asdasdas\', \'sdfsdf\', \'3242\', \'asbdasbwqa ae qwwq\', \'21\', \'Picture3.png\')', 0)
 2 SYSTEMPATH\Database\BaseConnection.php(693): CodeIgniter\Database\MySQLi\Connection->execute('INSERT INTO `tbl_buku` (`judul`, `pengarang`, `penerbit`, `tahun_terbit`, `ringkasan_buku`, `jumlah_salinan_tersedia`, `cover_buku`) VALUES (\'asdasdasd\', \'asdasdas\', \'sdfsdf\', \'3242\', \'asbdasbwqa ae qwwq\', \'21\', \'Picture3.png\')')
 3 SYSTEMPATH\Database\BaseConnection.php(607): CodeIgniter\Database\BaseConnection->simpleQuery('INSERT INTO `tbl_buku` (`judul`, `pengarang`, `penerbit`, `tahun_terbit`, `ringkasan_buku`, `jumlah_salinan_tersedia`, `cover_buku`) VALUES (\'asdasdasd\', \'asdasdas\', \'sdfsdf\', \'3242\', \'asbdasbwqa ae qwwq\', \'21\', \'Picture3.png\')')
 4 SYSTEMPATH\Database\BaseBuilder.php(2302): CodeIgniter\Database\BaseConnection->query('INSERT INTO `tbl_buku` (`judul`, `pengarang`, `penerbit`, `tahun_terbit`, `ringkasan_buku`, `jumlah_salinan_tersedia`, `cover_buku`) VALUES (:judul:, :pengarang:, :penerbit:, :tahun_terbit:, :ringkasan_buku:, :jumlah_salinan_tersedia:, :cover_buku:)', [...], false)
 5 SYSTEMPATH\Model.php(326): CodeIgniter\Database\BaseBuilder->insert()
 6 SYSTEMPATH\BaseModel.php(802): CodeIgniter\Model->doInsert([...])
 7 SYSTEMPATH\Model.php(744): CodeIgniter\BaseModel->insert([...], false)
 8 SYSTEMPATH\BaseModel.php(713): CodeIgniter\Model->insert([...], false)
 9 APPPATH\Controllers\admin\Buku.php(88): CodeIgniter\BaseModel->save([...])
10 SYSTEMPATH\CodeIgniter.php(941): App\Controllers\admin\Buku->simpan()
11 SYSTEMPATH\CodeIgniter.php(502): CodeIgniter\CodeIgniter->runController(Object(App\Controllers\admin\Buku))
12 SYSTEMPATH\CodeIgniter.php(361): CodeIgniter\CodeIgniter->handleRequest(null, Object(Config\Cache), false)
13 FCPATH\index.php(79): CodeIgniter\CodeIgniter->run()
CRITICAL - 2024-04-01 04:19:57 --> ErrorException: Undefined variable: Buku
in APPPATH\Views\pages\backend\buku.php on line 33.
 1 APPPATH\Views\pages\backend\buku.php(33): CodeIgniter\Debug\Exceptions->errorHandler(8, 'Undefined variable: Buku', 'C:\\xampp\\htdocs\\si-perpus\\app\\Views\\pages\\backend\\buku.php', 33, [...])
 2 SYSTEMPATH\View\View.php(228): include('C:\\xampp\\htdocs\\si-perpus\\app\\Views\\pages\\backend\\buku.php')
 3 SYSTEMPATH\View\View.php(231): CodeIgniter\View\View->CodeIgniter\View\{closure}()
 4 SYSTEMPATH\Common.php(1178): CodeIgniter\View\View->render('pages/backend/buku', [], true)
 5 APPPATH\Controllers\admin\Buku.php(29): view('pages/backend/buku', [...])
 6 SYSTEMPATH\CodeIgniter.php(941): App\Controllers\admin\Buku->index()
 7 SYSTEMPATH\CodeIgniter.php(502): CodeIgniter\CodeIgniter->runController(Object(App\Controllers\admin\Buku))
 8 SYSTEMPATH\CodeIgniter.php(361): CodeIgniter\CodeIgniter->handleRequest(null, Object(Config\Cache), false)
 9 FCPATH\index.php(79): CodeIgniter\CodeIgniter->run()
