WARNING - 2024-03-04 09:36:34 --> [DEPRECATED] Array and string offset access syntax with curly braces is deprecated in APPPATH\Views\pages\frontend\speminjaman.php on line 32.
 1 SYSTEMPATH\View\View.php(228): include()
 2 SYSTEMPATH\View\View.php(231): CodeIgniter\View\View->CodeIgniter\View\{closure}()
 3 SYSTEMPATH\Common.php(1178): CodeIgniter\View\View->render('pages/frontend/speminjaman', [], true)
 4 APPPATH\Controllers\speminjaman.php(30): view('pages/frontend/speminjaman', [...])
 5 SYSTEMPATH\CodeIgniter.php(941): App\Controllers\speminjaman->index()
 6 SYSTEMPATH\CodeIgniter.php(502): CodeIgniter\CodeIgniter->runController(Object(App\Controllers\speminjaman))
 7 SYSTEMPATH\CodeIgniter.php(361): CodeIgniter\CodeIgniter->handleRequest(null, Object(Config\Cache), false)
 8 FCPATH\index.php(79): CodeIgniter\CodeIgniter->run()
CRITICAL - 2024-03-04 09:36:34 --> ErrorException: Undefined index: anggota
in APPPATH\Views\pages\frontend\speminjaman.php on line 6.
 1 APPPATH\Views\pages\frontend\speminjaman.php(6): CodeIgniter\Debug\Exceptions->errorHandler(8, 'Undefined index: anggota', 'C:\\xampp\\htdocs\\si-perpus\\app\\Views\\pages\\frontend\\speminjaman.php', 6, [...])
 2 SYSTEMPATH\View\View.php(228): include('C:\\xampp\\htdocs\\si-perpus\\app\\Views\\pages\\frontend\\speminjaman.php')
 3 SYSTEMPATH\View\View.php(231): CodeIgniter\View\View->CodeIgniter\View\{closure}()
 4 SYSTEMPATH\Common.php(1178): CodeIgniter\View\View->render('pages/frontend/speminjaman', [], true)
 5 APPPATH\Controllers\speminjaman.php(30): view('pages/frontend/speminjaman', [...])
 6 SYSTEMPATH\CodeIgniter.php(941): App\Controllers\speminjaman->index()
 7 SYSTEMPATH\CodeIgniter.php(502): CodeIgniter\CodeIgniter->runController(Object(App\Controllers\speminjaman))
 8 SYSTEMPATH\CodeIgniter.php(361): CodeIgniter\CodeIgniter->handleRequest(null, Object(Config\Cache), false)
 9 FCPATH\index.php(79): CodeIgniter\CodeIgniter->run()
WARNING - 2024-03-04 09:37:50 --> [DEPRECATED] Array and string offset access syntax with curly braces is deprecated in APPPATH\Views\pages\frontend\speminjaman.php on line 34.
 1 SYSTEMPATH\View\View.php(228): include()
 2 SYSTEMPATH\View\View.php(231): CodeIgniter\View\View->CodeIgniter\View\{closure}()
 3 SYSTEMPATH\Common.php(1178): CodeIgniter\View\View->render('pages/frontend/speminjaman', [], true)
 4 APPPATH\Controllers\speminjaman.php(30): view('pages/frontend/speminjaman', [...])
 5 SYSTEMPATH\CodeIgniter.php(941): App\Controllers\speminjaman->index()
 6 SYSTEMPATH\CodeIgniter.php(502): CodeIgniter\CodeIgniter->runController(Object(App\Controllers\speminjaman))
 7 SYSTEMPATH\CodeIgniter.php(361): CodeIgniter\CodeIgniter->handleRequest(null, Object(Config\Cache), false)
 8 FCPATH\index.php(79): CodeIgniter\CodeIgniter->run()
WARNING - 2024-03-04 09:38:05 --> [DEPRECATED] Array and string offset access syntax with curly braces is deprecated in APPPATH\Views\pages\frontend\speminjaman.php on line 33.
 1 SYSTEMPATH\View\View.php(228): include()
 2 SYSTEMPATH\View\View.php(231): CodeIgniter\View\View->CodeIgniter\View\{closure}()
 3 SYSTEMPATH\Common.php(1178): CodeIgniter\View\View->render('pages/frontend/speminjaman', [], true)
 4 APPPATH\Controllers\speminjaman.php(30): view('pages/frontend/speminjaman', [...])
 5 SYSTEMPATH\CodeIgniter.php(941): App\Controllers\speminjaman->index()
 6 SYSTEMPATH\CodeIgniter.php(502): CodeIgniter\CodeIgniter->runController(Object(App\Controllers\speminjaman))
 7 SYSTEMPATH\CodeIgniter.php(361): CodeIgniter\CodeIgniter->handleRequest(null, Object(Config\Cache), false)
 8 FCPATH\index.php(79): CodeIgniter\CodeIgniter->run()
WARNING - 2024-03-04 09:39:00 --> [DEPRECATED] Array and string offset access syntax with curly braces is deprecated in APPPATH\Views\pages\frontend\speminjaman.php on line 33.
 1 SYSTEMPATH\View\View.php(228): include()
 2 SYSTEMPATH\View\View.php(231): CodeIgniter\View\View->CodeIgniter\View\{closure}()
 3 SYSTEMPATH\Common.php(1178): CodeIgniter\View\View->render('pages/frontend/speminjaman', [], true)
 4 APPPATH\Controllers\speminjaman.php(30): view('pages/frontend/speminjaman', [...])
 5 SYSTEMPATH\CodeIgniter.php(941): App\Controllers\speminjaman->index()
 6 SYSTEMPATH\CodeIgniter.php(502): CodeIgniter\CodeIgniter->runController(Object(App\Controllers\speminjaman))
 7 SYSTEMPATH\CodeIgniter.php(361): CodeIgniter\CodeIgniter->handleRequest(null, Object(Config\Cache), false)
 8 FCPATH\index.php(79): CodeIgniter\CodeIgniter->run()
WARNING - 2024-03-04 09:39:01 --> [DEPRECATED] Array and string offset access syntax with curly braces is deprecated in APPPATH\Views\pages\frontend\speminjaman.php on line 33.
 1 SYSTEMPATH\View\View.php(228): include()
 2 SYSTEMPATH\View\View.php(231): CodeIgniter\View\View->CodeIgniter\View\{closure}()
 3 SYSTEMPATH\Common.php(1178): CodeIgniter\View\View->render('pages/frontend/speminjaman', [], true)
 4 APPPATH\Controllers\speminjaman.php(30): view('pages/frontend/speminjaman', [...])
 5 SYSTEMPATH\CodeIgniter.php(941): App\Controllers\speminjaman->index()
 6 SYSTEMPATH\CodeIgniter.php(502): CodeIgniter\CodeIgniter->runController(Object(App\Controllers\speminjaman))
 7 SYSTEMPATH\CodeIgniter.php(361): CodeIgniter\CodeIgniter->handleRequest(null, Object(Config\Cache), false)
 8 FCPATH\index.php(79): CodeIgniter\CodeIgniter->run()
WARNING - 2024-03-04 09:39:02 --> [DEPRECATED] Array and string offset access syntax with curly braces is deprecated in APPPATH\Views\pages\frontend\speminjaman.php on line 33.
 1 SYSTEMPATH\View\View.php(228): include()
 2 SYSTEMPATH\View\View.php(231): CodeIgniter\View\View->CodeIgniter\View\{closure}()
 3 SYSTEMPATH\Common.php(1178): CodeIgniter\View\View->render('pages/frontend/speminjaman', [], true)
 4 APPPATH\Controllers\speminjaman.php(30): view('pages/frontend/speminjaman', [...])
 5 SYSTEMPATH\CodeIgniter.php(941): App\Controllers\speminjaman->index()
 6 SYSTEMPATH\CodeIgniter.php(502): CodeIgniter\CodeIgniter->runController(Object(App\Controllers\speminjaman))
 7 SYSTEMPATH\CodeIgniter.php(361): CodeIgniter\CodeIgniter->handleRequest(null, Object(Config\Cache), false)
 8 FCPATH\index.php(79): CodeIgniter\CodeIgniter->run()
WARNING - 2024-03-04 09:39:02 --> [DEPRECATED] Array and string offset access syntax with curly braces is deprecated in APPPATH\Views\pages\frontend\speminjaman.php on line 33.
 1 SYSTEMPATH\View\View.php(228): include()
 2 SYSTEMPATH\View\View.php(231): CodeIgniter\View\View->CodeIgniter\View\{closure}()
 3 SYSTEMPATH\Common.php(1178): CodeIgniter\View\View->render('pages/frontend/speminjaman', [], true)
 4 APPPATH\Controllers\speminjaman.php(30): view('pages/frontend/speminjaman', [...])
 5 SYSTEMPATH\CodeIgniter.php(941): App\Controllers\speminjaman->index()
 6 SYSTEMPATH\CodeIgniter.php(502): CodeIgniter\CodeIgniter->runController(Object(App\Controllers\speminjaman))
 7 SYSTEMPATH\CodeIgniter.php(361): CodeIgniter\CodeIgniter->handleRequest(null, Object(Config\Cache), false)
 8 FCPATH\index.php(79): CodeIgniter\CodeIgniter->run()
WARNING - 2024-03-04 09:39:03 --> [DEPRECATED] Array and string offset access syntax with curly braces is deprecated in APPPATH\Views\pages\frontend\speminjaman.php on line 33.
 1 SYSTEMPATH\View\View.php(228): include()
 2 SYSTEMPATH\View\View.php(231): CodeIgniter\View\View->CodeIgniter\View\{closure}()
 3 SYSTEMPATH\Common.php(1178): CodeIgniter\View\View->render('pages/frontend/speminjaman', [], true)
 4 APPPATH\Controllers\speminjaman.php(30): view('pages/frontend/speminjaman', [...])
 5 SYSTEMPATH\CodeIgniter.php(941): App\Controllers\speminjaman->index()
 6 SYSTEMPATH\CodeIgniter.php(502): CodeIgniter\CodeIgniter->runController(Object(App\Controllers\speminjaman))
 7 SYSTEMPATH\CodeIgniter.php(361): CodeIgniter\CodeIgniter->handleRequest(null, Object(Config\Cache), false)
 8 FCPATH\index.php(79): CodeIgniter\CodeIgniter->run()
WARNING - 2024-03-04 09:39:03 --> [DEPRECATED] Array and string offset access syntax with curly braces is deprecated in APPPATH\Views\pages\frontend\speminjaman.php on line 33.
 1 SYSTEMPATH\View\View.php(228): include()
 2 SYSTEMPATH\View\View.php(231): CodeIgniter\View\View->CodeIgniter\View\{closure}()
 3 SYSTEMPATH\Common.php(1178): CodeIgniter\View\View->render('pages/frontend/speminjaman', [], true)
 4 APPPATH\Controllers\speminjaman.php(30): view('pages/frontend/speminjaman', [...])
 5 SYSTEMPATH\CodeIgniter.php(941): App\Controllers\speminjaman->index()
 6 SYSTEMPATH\CodeIgniter.php(502): CodeIgniter\CodeIgniter->runController(Object(App\Controllers\speminjaman))
 7 SYSTEMPATH\CodeIgniter.php(361): CodeIgniter\CodeIgniter->handleRequest(null, Object(Config\Cache), false)
 8 FCPATH\index.php(79): CodeIgniter\CodeIgniter->run()
WARNING - 2024-03-04 09:39:48 --> [DEPRECATED] Array and string offset access syntax with curly braces is deprecated in APPPATH\Views\pages\frontend\speminjaman.php on line 33.
 1 SYSTEMPATH\View\View.php(228): include()
 2 SYSTEMPATH\View\View.php(231): CodeIgniter\View\View->CodeIgniter\View\{closure}()
 3 SYSTEMPATH\Common.php(1178): CodeIgniter\View\View->render('pages/frontend/speminjaman', [], true)
 4 APPPATH\Controllers\speminjaman.php(30): view('pages/frontend/speminjaman', [...])
 5 SYSTEMPATH\CodeIgniter.php(941): App\Controllers\speminjaman->index()
 6 SYSTEMPATH\CodeIgniter.php(502): CodeIgniter\CodeIgniter->runController(Object(App\Controllers\speminjaman))
 7 SYSTEMPATH\CodeIgniter.php(361): CodeIgniter\CodeIgniter->handleRequest(null, Object(Config\Cache), false)
 8 FCPATH\index.php(79): CodeIgniter\CodeIgniter->run()
CRITICAL - 2024-03-04 09:39:48 --> ErrorException: Undefined index: anggota
in APPPATH\Views\pages\frontend\speminjaman.php on line 7.
 1 APPPATH\Views\pages\frontend\speminjaman.php(7): CodeIgniter\Debug\Exceptions->errorHandler(8, 'Undefined index: anggota', 'C:\\xampp\\htdocs\\si-perpus\\app\\Views\\pages\\frontend\\speminjaman.php', 7, [...])
 2 SYSTEMPATH\View\View.php(228): include('C:\\xampp\\htdocs\\si-perpus\\app\\Views\\pages\\frontend\\speminjaman.php')
 3 SYSTEMPATH\View\View.php(231): CodeIgniter\View\View->CodeIgniter\View\{closure}()
 4 SYSTEMPATH\Common.php(1178): CodeIgniter\View\View->render('pages/frontend/speminjaman', [], true)
 5 APPPATH\Controllers\speminjaman.php(30): view('pages/frontend/speminjaman', [...])
 6 SYSTEMPATH\CodeIgniter.php(941): App\Controllers\speminjaman->index()
 7 SYSTEMPATH\CodeIgniter.php(502): CodeIgniter\CodeIgniter->runController(Object(App\Controllers\speminjaman))
 8 SYSTEMPATH\CodeIgniter.php(361): CodeIgniter\CodeIgniter->handleRequest(null, Object(Config\Cache), false)
 9 FCPATH\index.php(79): CodeIgniter\CodeIgniter->run()
WARNING - 2024-03-04 09:40:37 --> [DEPRECATED] Array and string offset access syntax with curly braces is deprecated in APPPATH\Views\pages\frontend\speminjaman.php on line 33.
 1 SYSTEMPATH\View\View.php(228): include()
 2 SYSTEMPATH\View\View.php(231): CodeIgniter\View\View->CodeIgniter\View\{closure}()
 3 SYSTEMPATH\Common.php(1178): CodeIgniter\View\View->render('pages/frontend/speminjaman', [], true)
 4 APPPATH\Controllers\speminjaman.php(30): view('pages/frontend/speminjaman', [...])
 5 SYSTEMPATH\CodeIgniter.php(941): App\Controllers\speminjaman->index()
 6 SYSTEMPATH\CodeIgniter.php(502): CodeIgniter\CodeIgniter->runController(Object(App\Controllers\speminjaman))
 7 SYSTEMPATH\CodeIgniter.php(361): CodeIgniter\CodeIgniter->handleRequest(null, Object(Config\Cache), false)
 8 FCPATH\index.php(79): CodeIgniter\CodeIgniter->run()
WARNING - 2024-03-04 09:52:59 --> [DEPRECATED] Array and string offset access syntax with curly braces is deprecated in APPPATH\Views\pages\frontend\speminjaman.php on line 33.
 1 SYSTEMPATH\View\View.php(228): include()
 2 SYSTEMPATH\View\View.php(231): CodeIgniter\View\View->CodeIgniter\View\{closure}()
 3 SYSTEMPATH\Common.php(1178): CodeIgniter\View\View->render('pages/frontend/speminjaman', [], true)
 4 APPPATH\Controllers\speminjaman.php(30): view('pages/frontend/speminjaman', [...])
 5 SYSTEMPATH\CodeIgniter.php(941): App\Controllers\speminjaman->index()
 6 SYSTEMPATH\CodeIgniter.php(502): CodeIgniter\CodeIgniter->runController(Object(App\Controllers\speminjaman))
 7 SYSTEMPATH\CodeIgniter.php(361): CodeIgniter\CodeIgniter->handleRequest(null, Object(Config\Cache), false)
 8 FCPATH\index.php(79): CodeIgniter\CodeIgniter->run()
WARNING - 2024-03-04 09:53:00 --> [DEPRECATED] Array and string offset access syntax with curly braces is deprecated in APPPATH\Views\pages\frontend\speminjaman.php on line 33.
 1 SYSTEMPATH\View\View.php(228): include()
 2 SYSTEMPATH\View\View.php(231): CodeIgniter\View\View->CodeIgniter\View\{closure}()
 3 SYSTEMPATH\Common.php(1178): CodeIgniter\View\View->render('pages/frontend/speminjaman', [], true)
 4 APPPATH\Controllers\speminjaman.php(30): view('pages/frontend/speminjaman', [...])
 5 SYSTEMPATH\CodeIgniter.php(941): App\Controllers\speminjaman->index()
 6 SYSTEMPATH\CodeIgniter.php(502): CodeIgniter\CodeIgniter->runController(Object(App\Controllers\speminjaman))
 7 SYSTEMPATH\CodeIgniter.php(361): CodeIgniter\CodeIgniter->handleRequest(null, Object(Config\Cache), false)
 8 FCPATH\index.php(79): CodeIgniter\CodeIgniter->run()
WARNING - 2024-03-04 09:53:01 --> [DEPRECATED] Array and string offset access syntax with curly braces is deprecated in APPPATH\Views\pages\frontend\speminjaman.php on line 33.
 1 SYSTEMPATH\View\View.php(228): include()
 2 SYSTEMPATH\View\View.php(231): CodeIgniter\View\View->CodeIgniter\View\{closure}()
 3 SYSTEMPATH\Common.php(1178): CodeIgniter\View\View->render('pages/frontend/speminjaman', [], true)
 4 APPPATH\Controllers\speminjaman.php(30): view('pages/frontend/speminjaman', [...])
 5 SYSTEMPATH\CodeIgniter.php(941): App\Controllers\speminjaman->index()
 6 SYSTEMPATH\CodeIgniter.php(502): CodeIgniter\CodeIgniter->runController(Object(App\Controllers\speminjaman))
 7 SYSTEMPATH\CodeIgniter.php(361): CodeIgniter\CodeIgniter->handleRequest(null, Object(Config\Cache), false)
 8 FCPATH\index.php(79): CodeIgniter\CodeIgniter->run()
WARNING - 2024-03-04 09:54:01 --> [DEPRECATED] Array and string offset access syntax with curly braces is deprecated in APPPATH\Views\pages\frontend\speminjaman.php on line 34.
 1 SYSTEMPATH\View\View.php(228): include()
 2 SYSTEMPATH\View\View.php(231): CodeIgniter\View\View->CodeIgniter\View\{closure}()
 3 SYSTEMPATH\Common.php(1178): CodeIgniter\View\View->render('pages/frontend/speminjaman', [], true)
 4 APPPATH\Controllers\speminjaman.php(30): view('pages/frontend/speminjaman', [...])
 5 SYSTEMPATH\CodeIgniter.php(941): App\Controllers\speminjaman->index()
 6 SYSTEMPATH\CodeIgniter.php(502): CodeIgniter\CodeIgniter->runController(Object(App\Controllers\speminjaman))
 7 SYSTEMPATH\CodeIgniter.php(361): CodeIgniter\CodeIgniter->handleRequest(null, Object(Config\Cache), false)
 8 FCPATH\index.php(79): CodeIgniter\CodeIgniter->run()
WARNING - 2024-03-04 10:07:49 --> [DEPRECATED] Array and string offset access syntax with curly braces is deprecated in APPPATH\Views\pages\frontend\speminjaman.php on line 34.
 1 SYSTEMPATH\View\View.php(228): include()
 2 SYSTEMPATH\View\View.php(231): CodeIgniter\View\View->CodeIgniter\View\{closure}()
 3 SYSTEMPATH\Common.php(1178): CodeIgniter\View\View->render('pages/frontend/speminjaman', [], true)
 4 APPPATH\Controllers\speminjaman.php(30): view('pages/frontend/speminjaman', [...])
 5 SYSTEMPATH\CodeIgniter.php(941): App\Controllers\speminjaman->index()
 6 SYSTEMPATH\CodeIgniter.php(502): CodeIgniter\CodeIgniter->runController(Object(App\Controllers\speminjaman))
 7 SYSTEMPATH\CodeIgniter.php(361): CodeIgniter\CodeIgniter->handleRequest(null, Object(Config\Cache), false)
 8 FCPATH\index.php(79): CodeIgniter\CodeIgniter->run()
WARNING - 2024-03-04 10:19:51 --> [DEPRECATED] Array and string offset access syntax with curly braces is deprecated in APPPATH\Views\pages\frontend\speminjaman.php on line 34.
 1 SYSTEMPATH\View\View.php(228): include()
 2 SYSTEMPATH\View\View.php(231): CodeIgniter\View\View->CodeIgniter\View\{closure}()
 3 SYSTEMPATH\Common.php(1178): CodeIgniter\View\View->render('pages/frontend/speminjaman', [], true)
 4 APPPATH\Controllers\speminjaman.php(30): view('pages/frontend/speminjaman', [...])
 5 SYSTEMPATH\CodeIgniter.php(941): App\Controllers\speminjaman->index()
 6 SYSTEMPATH\CodeIgniter.php(502): CodeIgniter\CodeIgniter->runController(Object(App\Controllers\speminjaman))
 7 SYSTEMPATH\CodeIgniter.php(361): CodeIgniter\CodeIgniter->handleRequest(null, Object(Config\Cache), false)
 8 FCPATH\index.php(79): CodeIgniter\CodeIgniter->run()
WARNING - 2024-03-04 10:19:54 --> [DEPRECATED] Array and string offset access syntax with curly braces is deprecated in APPPATH\Views\pages\frontend\speminjaman.php on line 34.
 1 SYSTEMPATH\View\View.php(228): include()
 2 SYSTEMPATH\View\View.php(231): CodeIgniter\View\View->CodeIgniter\View\{closure}()
 3 SYSTEMPATH\Common.php(1178): CodeIgniter\View\View->render('pages/frontend/speminjaman', [], true)
 4 APPPATH\Controllers\speminjaman.php(30): view('pages/frontend/speminjaman', [...])
 5 SYSTEMPATH\CodeIgniter.php(941): App\Controllers\speminjaman->index()
 6 SYSTEMPATH\CodeIgniter.php(502): CodeIgniter\CodeIgniter->runController(Object(App\Controllers\speminjaman))
 7 SYSTEMPATH\CodeIgniter.php(361): CodeIgniter\CodeIgniter->handleRequest(null, Object(Config\Cache), false)
 8 FCPATH\index.php(79): CodeIgniter\CodeIgniter->run()
WARNING - 2024-03-04 10:19:54 --> [DEPRECATED] Array and string offset access syntax with curly braces is deprecated in APPPATH\Views\pages\frontend\speminjaman.php on line 34.
 1 SYSTEMPATH\View\View.php(228): include()
 2 SYSTEMPATH\View\View.php(231): CodeIgniter\View\View->CodeIgniter\View\{closure}()
 3 SYSTEMPATH\Common.php(1178): CodeIgniter\View\View->render('pages/frontend/speminjaman', [], true)
 4 APPPATH\Controllers\speminjaman.php(30): view('pages/frontend/speminjaman', [...])
 5 SYSTEMPATH\CodeIgniter.php(941): App\Controllers\speminjaman->index()
 6 SYSTEMPATH\CodeIgniter.php(502): CodeIgniter\CodeIgniter->runController(Object(App\Controllers\speminjaman))
 7 SYSTEMPATH\CodeIgniter.php(361): CodeIgniter\CodeIgniter->handleRequest(null, Object(Config\Cache), false)
 8 FCPATH\index.php(79): CodeIgniter\CodeIgniter->run()
WARNING - 2024-03-04 10:19:55 --> [DEPRECATED] Array and string offset access syntax with curly braces is deprecated in APPPATH\Views\pages\frontend\speminjaman.php on line 34.
 1 SYSTEMPATH\View\View.php(228): include()
 2 SYSTEMPATH\View\View.php(231): CodeIgniter\View\View->CodeIgniter\View\{closure}()
 3 SYSTEMPATH\Common.php(1178): CodeIgniter\View\View->render('pages/frontend/speminjaman', [], true)
 4 APPPATH\Controllers\speminjaman.php(30): view('pages/frontend/speminjaman', [...])
 5 SYSTEMPATH\CodeIgniter.php(941): App\Controllers\speminjaman->index()
 6 SYSTEMPATH\CodeIgniter.php(502): CodeIgniter\CodeIgniter->runController(Object(App\Controllers\speminjaman))
 7 SYSTEMPATH\CodeIgniter.php(361): CodeIgniter\CodeIgniter->handleRequest(null, Object(Config\Cache), false)
 8 FCPATH\index.php(79): CodeIgniter\CodeIgniter->run()
WARNING - 2024-03-04 10:44:48 --> [DEPRECATED] Array and string offset access syntax with curly braces is deprecated in APPPATH\Views\pages\frontend\speminjaman.php on line 34.
 1 SYSTEMPATH\View\View.php(228): include()
 2 SYSTEMPATH\View\View.php(231): CodeIgniter\View\View->CodeIgniter\View\{closure}()
 3 SYSTEMPATH\Common.php(1178): CodeIgniter\View\View->render('pages/frontend/speminjaman', [], true)
 4 APPPATH\Controllers\speminjaman.php(30): view('pages/frontend/speminjaman', [...])
 5 SYSTEMPATH\CodeIgniter.php(941): App\Controllers\speminjaman->index()
 6 SYSTEMPATH\CodeIgniter.php(502): CodeIgniter\CodeIgniter->runController(Object(App\Controllers\speminjaman))
 7 SYSTEMPATH\CodeIgniter.php(361): CodeIgniter\CodeIgniter->handleRequest(null, Object(Config\Cache), false)
 8 FCPATH\index.php(79): CodeIgniter\CodeIgniter->run()
CRITICAL - 2024-03-04 10:59:08 --> Error: Class 'App\Models\transaksiModels' not found
in APPPATH\Controllers\speminjaman.php on line 17.
 1 SYSTEMPATH\CodeIgniter.php(941): App\Controllers\speminjaman->index()
 2 SYSTEMPATH\CodeIgniter.php(502): CodeIgniter\CodeIgniter->runController(Object(App\Controllers\speminjaman))
 3 SYSTEMPATH\CodeIgniter.php(361): CodeIgniter\CodeIgniter->handleRequest(null, Object(Config\Cache), false)
 4 FCPATH\index.php(79): CodeIgniter\CodeIgniter->run()
CRITICAL - 2024-03-04 11:00:17 --> Error: Class 'App\Models\transaksiModel' not found
in APPPATH\Controllers\speminjaman.php on line 17.
 1 SYSTEMPATH\CodeIgniter.php(941): App\Controllers\speminjaman->index()
 2 SYSTEMPATH\CodeIgniter.php(502): CodeIgniter\CodeIgniter->runController(Object(App\Controllers\speminjaman))
 3 SYSTEMPATH\CodeIgniter.php(361): CodeIgniter\CodeIgniter->handleRequest(null, Object(Config\Cache), false)
 4 FCPATH\index.php(79): CodeIgniter\CodeIgniter->run()
CRITICAL - 2024-03-04 11:00:29 --> Error: Class 'App\Models\transaksiModels' not found
in APPPATH\Controllers\speminjaman.php on line 17.
 1 SYSTEMPATH\CodeIgniter.php(941): App\Controllers\speminjaman->index()
 2 SYSTEMPATH\CodeIgniter.php(502): CodeIgniter\CodeIgniter->runController(Object(App\Controllers\speminjaman))
 3 SYSTEMPATH\CodeIgniter.php(361): CodeIgniter\CodeIgniter->handleRequest(null, Object(Config\Cache), false)
 4 FCPATH\index.php(79): CodeIgniter\CodeIgniter->run()
CRITICAL - 2024-03-04 11:02:17 --> ErrorException: Undefined index: nama_buku
in APPPATH\Controllers\speminjaman.php on line 39.
 1 APPPATH\Controllers\speminjaman.php(39): CodeIgniter\Debug\Exceptions->errorHandler(8, 'Undefined index: nama_buku', 'C:\\xampp\\htdocs\\si-perpus\\app\\Controllers\\speminjaman.php', 39, [...])
 2 SYSTEMPATH\CodeIgniter.php(941): App\Controllers\speminjaman->index()
 3 SYSTEMPATH\CodeIgniter.php(502): CodeIgniter\CodeIgniter->runController(Object(App\Controllers\speminjaman))
 4 SYSTEMPATH\CodeIgniter.php(361): CodeIgniter\CodeIgniter->handleRequest(null, Object(Config\Cache), false)
 5 FCPATH\index.php(79): CodeIgniter\CodeIgniter->run()
CRITICAL - 2024-03-04 11:03:30 --> ErrorException: Undefined index: judul
in APPPATH\Controllers\speminjaman.php on line 39.
 1 APPPATH\Controllers\speminjaman.php(39): CodeIgniter\Debug\Exceptions->errorHandler(8, 'Undefined index: judul', 'C:\\xampp\\htdocs\\si-perpus\\app\\Controllers\\speminjaman.php', 39, [...])
 2 SYSTEMPATH\CodeIgniter.php(941): App\Controllers\speminjaman->index()
 3 SYSTEMPATH\CodeIgniter.php(502): CodeIgniter\CodeIgniter->runController(Object(App\Controllers\speminjaman))
 4 SYSTEMPATH\CodeIgniter.php(361): CodeIgniter\CodeIgniter->handleRequest(null, Object(Config\Cache), false)
 5 FCPATH\index.php(79): CodeIgniter\CodeIgniter->run()
CRITICAL - 2024-03-04 11:04:43 --> ErrorException: Undefined index: judul
in APPPATH\Controllers\speminjaman.php on line 39.
 1 APPPATH\Controllers\speminjaman.php(39): CodeIgniter\Debug\Exceptions->errorHandler(8, 'Undefined index: judul', 'C:\\xampp\\htdocs\\si-perpus\\app\\Controllers\\speminjaman.php', 39, [...])
 2 SYSTEMPATH\CodeIgniter.php(941): App\Controllers\speminjaman->index()
 3 SYSTEMPATH\CodeIgniter.php(502): CodeIgniter\CodeIgniter->runController(Object(App\Controllers\speminjaman))
 4 SYSTEMPATH\CodeIgniter.php(361): CodeIgniter\CodeIgniter->handleRequest(null, Object(Config\Cache), false)
 5 FCPATH\index.php(79): CodeIgniter\CodeIgniter->run()
CRITICAL - 2024-03-04 11:06:06 --> ErrorException: Undefined index: judul
in APPPATH\Views\pages\frontend\speminjaman.php on line 39.
 1 APPPATH\Views\pages\frontend\speminjaman.php(39): CodeIgniter\Debug\Exceptions->errorHandler(8, 'Undefined index: judul', 'C:\\xampp\\htdocs\\si-perpus\\app\\Views\\pages\\frontend\\speminjaman.php', 39, [...])
 2 SYSTEMPATH\View\View.php(228): include('C:\\xampp\\htdocs\\si-perpus\\app\\Views\\pages\\frontend\\speminjaman.php')
 3 SYSTEMPATH\View\View.php(231): CodeIgniter\View\View->CodeIgniter\View\{closure}()
 4 SYSTEMPATH\Common.php(1178): CodeIgniter\View\View->render('pages/frontend/speminjaman', [], true)
 5 APPPATH\Controllers\speminjaman.php(52): view('pages/frontend/speminjaman', [...])
 6 SYSTEMPATH\CodeIgniter.php(941): App\Controllers\speminjaman->index()
 7 SYSTEMPATH\CodeIgniter.php(502): CodeIgniter\CodeIgniter->runController(Object(App\Controllers\speminjaman))
 8 SYSTEMPATH\CodeIgniter.php(361): CodeIgniter\CodeIgniter->handleRequest(null, Object(Config\Cache), false)
 9 FCPATH\index.php(79): CodeIgniter\CodeIgniter->run()
CRITICAL - 2024-03-04 12:28:48 --> Error: Class 'app\Models\dendaModels' not found
in APPPATH\Controllers\speminjaman.php on line 23.
 1 SYSTEMPATH\CodeIgniter.php(941): App\Controllers\speminjaman->index()
 2 SYSTEMPATH\CodeIgniter.php(502): CodeIgniter\CodeIgniter->runController(Object(App\Controllers\speminjaman))
 3 SYSTEMPATH\CodeIgniter.php(361): CodeIgniter\CodeIgniter->handleRequest(null, Object(Config\Cache), false)
 4 FCPATH\index.php(79): CodeIgniter\CodeIgniter->run()
CRITICAL - 2024-03-04 12:30:45 --> Error: Class 'app\Models\dendaModels' not found
in APPPATH\Controllers\speminjaman.php on line 23.
 1 SYSTEMPATH\CodeIgniter.php(941): App\Controllers\speminjaman->index()
 2 SYSTEMPATH\CodeIgniter.php(502): CodeIgniter\CodeIgniter->runController(Object(App\Controllers\speminjaman))
 3 SYSTEMPATH\CodeIgniter.php(361): CodeIgniter\CodeIgniter->handleRequest(null, Object(Config\Cache), false)
 4 FCPATH\index.php(79): CodeIgniter\CodeIgniter->run()
CRITICAL - 2024-03-04 12:30:59 --> ErrorException: Trying to access array offset on value of type null
in APPPATH\Controllers\speminjaman.php on line 50.
 1 APPPATH\Controllers\speminjaman.php(50): CodeIgniter\Debug\Exceptions->errorHandler(8, 'Trying to access array offset on value of type null', 'C:\\xampp\\htdocs\\si-perpus\\app\\Controllers\\speminjaman.php', 50, [...])
 2 SYSTEMPATH\CodeIgniter.php(941): App\Controllers\speminjaman->index()
 3 SYSTEMPATH\CodeIgniter.php(502): CodeIgniter\CodeIgniter->runController(Object(App\Controllers\speminjaman))
 4 SYSTEMPATH\CodeIgniter.php(361): CodeIgniter\CodeIgniter->handleRequest(null, Object(Config\Cache), false)
 5 FCPATH\index.php(79): CodeIgniter\CodeIgniter->run()
